/sw/bioinfo/quast/4.5.4/rackham/bin/metaquast.py -t 2 /home/tomasc/genome_analysis_2021/analysis/final.contigs.fa -o /home/tomasc/genome_analysis_2021/analysis/metaquast

Version: 4.5.4

System information:
  OS: Linux-3.10.0-1160.21.1.el7.x86_64-x86_64-with-centos-7.9.2009-Core (linux_64)
  Python version: 2.7.6
  CPUs number: 16

Started: 2021-04-26 20:01:07

Logging to /home/tomasc/genome_analysis_2021/analysis/metaquast/metaquast.log

Contigs:
  Pre-processing...
  /home/tomasc/genome_analysis_2021/analysis/final.contigs.fa ==> final.contigs

No references are provided, starting to search for reference genomes in SILVA 16S rRNA database and to download them from NCBI...

2021-04-26 20:01:12


Running BlastN..
  processing final.contigs
  BLAST results for final.contigs are saved to /home/tomasc/genome_analysis_2021/analysis/metaquast/quast_downloaded_references/blast.res_final-contigs...


2021-04-26 20:30:08
Trying to download found references from NCBI. Totally 50 organisms to try.
marine metagenome has too fragmented reference genome! It will not be downloaded.
  marine_metagenome                                        | not found in the NCBI database
  gamma_proteobacterium_SCGC_AB-629-P17                    | successfully downloaded (total 1, 48 more to go)
  Synechococcus_sp._WH_7805                                | successfully downloaded (total 2, 47 more to go)
  Aquimarina_sp._22II-S11-z7                               | successfully downloaded (total 3, 46 more to go)
  Polaribacter_sp._MED152                                  | successfully downloaded (total 4, 45 more to go)
  Planctomyces_maris_DSM_8797                              | successfully downloaded (total 5, 44 more to go)
  Iamia_majanohamensis                                     | not found in the NCBI database
  bacterium_WH5-6                                          | not found in the NCBI database
  Luminiphilus_syltensis_NOR5-1B                           | successfully downloaded (total 6, 41 more to go)
  unidentified_marine_bacterioplankton                     | not found in the NCBI database
  Osedax_symbiont_Rs2                                      | successfully downloaded (total 7, 39 more to go)
  Thioalkalivibrio_sulfidiphilus_HL-EbGr7                  | successfully downloaded (total 8, 38 more to go)
  Lishizhenia_caseinilytica                                | not found in the NCBI database
  Ilumatobacter_nonamiensis_YM16-303                       | successfully downloaded (total 9, 36 more to go)
  Vibrio_coralliilyticus                                   | successfully downloaded (total 10, 35 more to go)
  magnetic_coccus_MP17                                     | not found in the NCBI database
  Fabibacter_sp._NBRC_110216                               | successfully downloaded (total 11, 33 more to go)
  Formosa_agariphila_KMM_3901                              | successfully downloaded (total 12, 32 more to go)
  Oceanibaculum_indicum_P24                                | successfully downloaded (total 13, 31 more to go)
  Aminobacter_sp._J41                                      | successfully downloaded (total 14, 30 more to go)
  Roseivivax_sp._BH143                                     | not found in the NCBI database
  Magnetococcus_marinus_MC-1                               | successfully downloaded (total 15, 28 more to go)
  Gaiella_sp._EBR4-R2                                      | not found in the NCBI database
  Verrucomicrobia_bacterium_SCGC_AAA027-I19                | successfully downloaded (total 16, 26 more to go)
  Thiohalobacter_thiocyanaticus                            | successfully downloaded (total 17, 25 more to go)
  Psychroserpens_sp._PAMC_27130                            | successfully downloaded (total 18, 24 more to go)
  Spongiibacter_tropicus_DSM_19543                         | successfully downloaded (total 19, 23 more to go)
  Methylobacter_marinus_A45                                | successfully downloaded (total 20, 22 more to go)
  Methylohalomonas_lacus                                   | not found in the NCBI database
  Coraliomargarita_akajimensis_DSM_45221                   | successfully downloaded (total 21, 20 more to go)
  Ilumatobacter_fluminis                                   | successfully downloaded (total 22, 19 more to go)
  Phaeocystidibacter_sp._G18                               | successfully downloaded (total 23, 18 more to go)
  Haloferula_phyci                                         | not found in the NCBI database
  Photobacterium_halotolerans                              | successfully downloaded (total 24, 16 more to go)
  Burkholderia_pseudomallei_MSHR1043                       | successfully downloaded (total 25, 15 more to go)
  Dehalogenimonas_lykanthroporepellens_BL-DC-9             | successfully downloaded (total 26, 14 more to go)
  marine_gamma_proteobacterium_HTCC2188                    | not found in the NCBI database
  Acidithiomicrobium_sp._P1                                | not found in the NCBI database
  Leptothrix_sp._OT_B_406                                  | not found in the NCBI database
  Candidatus_Nitrosoarchaeum_limnia_SFB1                   | successfully downloaded (total 27, 10 more to go)
  Nitrospina_sp._SCGC_AAA288-L16                           | successfully downloaded (total 28, 9 more to go)
Pseudomonas mosselii SJ10 has too fragmented reference genome! It will not be downloaded.
  Pseudomonas_mosselii_SJ10                                | not found in the NCBI database
  Blastopirellula_marina                                   | successfully downloaded (total 29, 7 more to go)
  Simiduia_agarivorans_SA1_=_DSM_21679                     | successfully downloaded (total 30, 6 more to go)
  denitrifying_bacterium_enrichment_culture_clone_NOB_2_C9 | not found in the NCBI database
  Nitrospina_gracilis_3                                    | not found in the NCBI database
  bacterium_enrichment_culture_clone_136(2011)             | not found in the NCBI database
  Nisaea_sp._MOLA_138                                      | not found in the NCBI database
  Marispirillum_indicum                                    | not found in the NCBI database
  Sneathiella_chinensis                                    | successfully downloaded (total 31, 0 more to go)

Downloaded reference(s):
  /home/tomasc/genome_analysis_2021/analysis/metaquast/quast_downloaded_references/Aminobacter_sp._J41.fasta ==> Aminobacter_sp._J41
  /home/tomasc/genome_analysis_2021/analysis/metaquast/quast_downloaded_references/Aquimarina_sp._22II-S11-z7.fasta ==> Aquimarina_sp._22II-S11-z7
  /home/tomasc/genome_analysis_2021/analysis/metaquast/quast_downloaded_references/Blastopirellula_marina.fasta ==> Blastopirellula_marina
  /home/tomasc/genome_analysis_2021/analysis/metaquast/quast_downloaded_references/Burkholderia_pseudomallei_MSHR1043.fasta ==> Burkholderia_pseudomallei_MSHR1043
  /home/tomasc/genome_analysis_2021/analysis/metaquast/quast_downloaded_references/Candidatus_Nitrosoarchaeum_limnia_SFB1.fasta ==> Candidatus_Nitrosoarchaeum_limnia_SFB1
  /home/tomasc/genome_analysis_2021/analysis/metaquast/quast_downloaded_references/Coraliomargarita_akajimensis_DSM_45221.fasta ==> Coraliomargarita_akajimensis_DSM_45221
  /home/tomasc/genome_analysis_2021/analysis/metaquast/quast_downloaded_references/Dehalogenimonas_lykanthroporepellens_BL-DC-9.fasta ==> Dehalogenimonas_lykanthroporepellens_BL-DC-9
  /home/tomasc/genome_analysis_2021/analysis/metaquast/quast_downloaded_references/Fabibacter_sp._NBRC_110216.fasta ==> Fabibacter_sp._NBRC_110216
  /home/tomasc/genome_analysis_2021/analysis/metaquast/quast_downloaded_references/Formosa_agariphila_KMM_3901.fasta ==> Formosa_agariphila_KMM_3901
  /home/tomasc/genome_analysis_2021/analysis/metaquast/quast_downloaded_references/Ilumatobacter_fluminis.fasta ==> Ilumatobacter_fluminis
  /home/tomasc/genome_analysis_2021/analysis/metaquast/quast_downloaded_references/Ilumatobacter_nonamiensis_YM16-303.fasta ==> Ilumatobacter_nonamiensis_YM16-303
  /home/tomasc/genome_analysis_2021/analysis/metaquast/quast_downloaded_references/Luminiphilus_syltensis_NOR5-1B.fasta ==> Luminiphilus_syltensis_NOR5-1B
  /home/tomasc/genome_analysis_2021/analysis/metaquast/quast_downloaded_references/Magnetococcus_marinus_MC-1.fasta ==> Magnetococcus_marinus_MC-1
  /home/tomasc/genome_analysis_2021/analysis/metaquast/quast_downloaded_references/Methylobacter_marinus_A45.fasta ==> Methylobacter_marinus_A45
  /home/tomasc/genome_analysis_2021/analysis/metaquast/quast_downloaded_references/Nitrospina_sp._SCGC_AAA288-L16.fasta ==> Nitrospina_sp._SCGC_AAA288-L16
  /home/tomasc/genome_analysis_2021/analysis/metaquast/quast_downloaded_references/Oceanibaculum_indicum_P24.fasta ==> Oceanibaculum_indicum_P24
  /home/tomasc/genome_analysis_2021/analysis/metaquast/quast_downloaded_references/Osedax_symbiont_Rs2.fasta ==> Osedax_symbiont_Rs2
  /home/tomasc/genome_analysis_2021/analysis/metaquast/quast_downloaded_references/Phaeocystidibacter_sp._G18.fasta ==> Phaeocystidibacter_sp._G18
  /home/tomasc/genome_analysis_2021/analysis/metaquast/quast_downloaded_references/Photobacterium_halotolerans.fasta ==> Photobacterium_halotolerans
  /home/tomasc/genome_analysis_2021/analysis/metaquast/quast_downloaded_references/Planctomyces_maris_DSM_8797.fasta ==> Planctomyces_maris_DSM_8797
  /home/tomasc/genome_analysis_2021/analysis/metaquast/quast_downloaded_references/Polaribacter_sp._MED152.fasta ==> Polaribacter_sp._MED152
  /home/tomasc/genome_analysis_2021/analysis/metaquast/quast_downloaded_references/Psychroserpens_sp._PAMC_27130.fasta ==> Psychroserpens_sp._PAMC_27130
  /home/tomasc/genome_analysis_2021/analysis/metaquast/quast_downloaded_references/Simiduia_agarivorans_SA1___DSM_21679.fasta ==> Simiduia_agarivorans_SA1___DSM_21679
  /home/tomasc/genome_analysis_2021/analysis/metaquast/quast_downloaded_references/Sneathiella_chinensis.fasta ==> Sneathiella_chinensis
  /home/tomasc/genome_analysis_2021/analysis/metaquast/quast_downloaded_references/Spongiibacter_tropicus_DSM_19543.fasta ==> Spongiibacter_tropicus_DSM_19543
  /home/tomasc/genome_analysis_2021/analysis/metaquast/quast_downloaded_references/Synechococcus_sp._WH_7805.fasta ==> Synechococcus_sp._WH_7805
  /home/tomasc/genome_analysis_2021/analysis/metaquast/quast_downloaded_references/Thioalkalivibrio_sulfidiphilus_HL-EbGr7.fasta ==> Thioalkalivibrio_sulfidiphilus_HL-EbGr7
  /home/tomasc/genome_analysis_2021/analysis/metaquast/quast_downloaded_references/Thiohalobacter_thiocyanaticus.fasta ==> Thiohalobacter_thiocyanaticus
  /home/tomasc/genome_analysis_2021/analysis/metaquast/quast_downloaded_references/Verrucomicrobia_bacterium_SCGC_AAA027-I19.fasta ==> Verrucomicrobia_bacterium_SCGC_AAA027-I19
  /home/tomasc/genome_analysis_2021/analysis/metaquast/quast_downloaded_references/Vibrio_coralliilyticus.fasta ==> Vibrio_coralliilyticus
  /home/tomasc/genome_analysis_2021/analysis/metaquast/quast_downloaded_references/gamma_proteobacterium_SCGC_AB-629-P17.fasta ==> gamma_proteobacterium_SCGC_AB-629-P17
  All references were combined in combined_reference.fasta

Starting quast.py for the combined reference...
/sw/bioinfo/quast/4.5.4/rackham/bin/quast.py -t 2 --combined-ref --colors #E31A1C --ls solid --ambiguity-usage all /home/tomasc/genome_analysis_2021/analysis/final.contigs.fa -R /home/tomasc/genome_analysis_2021/analysis/metaquast/quast_corrected_input/combined_reference.fasta -o /home/tomasc/genome_analysis_2021/analysis/metaquast/combined_reference --labels final.contigs

Started: 2021-04-26 20:57:47

Logging to /home/tomasc/genome_analysis_2021/analysis/metaquast/combined_reference/quast.log

CWD: /domus/h1/tomasc/genome_analysis_2021/tomas_c_repository/code
Main parameters: 
  Threads: 2, minimum contig length: 500, ambiguity: all, threshold for extensive misassembly size: 1000

Reference:
  /home/tomasc/genome_analysis_2021/analysis/metaquast/quast_corrected_input/combined_reference.fasta ==> combined_reference

Contigs:
  Pre-processing...
  /home/tomasc/genome_analysis_2021/analysis/final.contigs.fa ==> final.contigs

2021-04-26 20:58:12
Running Basic statistics processor...
  Reference genome:
    combined_reference.fasta, length = 125910770, num fragments = 1760, GC % = 52.23
WARNING:   Reference genome is fragmented. You may consider rerunning QUAST using --fragmented option. QUAST will try to detect misassemblies caused by the fragmentation and mark them fake (will be excluded from # misassemblies).
  Contig files: 
    final.contigs
  Calculating N50 and L50...
    final.contigs, N50 = 1358, L50 = 37128, Total length = 231303815, GC % = 47.76, # N's per 100 kbp =  0.00
  Drawing Nx plot...
    saved to /home/tomasc/genome_analysis_2021/analysis/metaquast/combined_reference/basic_stats/Nx_plot.pdf
  Drawing cumulative plot...
    saved to /home/tomasc/genome_analysis_2021/analysis/metaquast/combined_reference/basic_stats/cumulative_plot.pdf
  Drawing GC content plot...
    saved to /home/tomasc/genome_analysis_2021/analysis/metaquast/combined_reference/basic_stats/GC_content_plot.pdf
  Drawing final.contigs GC content plot...
    saved to /home/tomasc/genome_analysis_2021/analysis/metaquast/combined_reference/basic_stats/final.contigs_GC_content_plot.pdf
Done.

2021-04-26 20:58:47
Running Contig analyzer...
  final.contigs
  Logging to files /home/tomasc/genome_analysis_2021/analysis/metaquast/combined_reference/contigs_reports/contigs_report_final-contigs.stdout and contigs_report_final-contigs.stderr...
  Aligning contigs to the reference
  MUMmer plot saved to /home/tomasc/genome_analysis_2021/analysis/metaquast/combined_reference/contigs_reports/nucmer_output/final-contigs_mummerplot.html
  Analysis is finished.
  Gzipping /home/tomasc/genome_analysis_2021/analysis/metaquast/combined_reference/contigs_reports/nucmer_output/raw/final-contigs.all_snps to reduce disk space usage...
    saved to /home/tomasc/genome_analysis_2021/analysis/metaquast/combined_reference/contigs_reports/nucmer_output/raw/final-contigs.all_snps.gz
  Information about interspecies translocations by references for final-contigs is saved to /home/tomasc/genome_analysis_2021/analysis/metaquast/combined_reference/contigs_reports/interspecies_translocations_by_refs_final-contigs.info
  Drawing Intergenomic misassemblies (found and supposed) metaQUAST summary plot...
    saved to /home/tomasc/genome_analysis_2021/analysis/metaquast/combined_reference/contigs_reports/intergenomic_misassemblies.pdf
  Creating total report...
    saved to /home/tomasc/genome_analysis_2021/analysis/metaquast/combined_reference/contigs_reports/misassemblies_report.txt, misassemblies_report.tsv, and misassemblies_report.tex
  Transposed version of total report...
    saved to /home/tomasc/genome_analysis_2021/analysis/metaquast/combined_reference/contigs_reports/transposed_report_misassemblies.txt, transposed_report_misassemblies.tsv, and transposed_report_misassemblies.tex
  Creating total report...
    saved to /home/tomasc/genome_analysis_2021/analysis/metaquast/combined_reference/contigs_reports/unaligned_report.txt, unaligned_report.tsv, and unaligned_report.tex
  Drawing misassemblies by types plot...
    saved to /home/tomasc/genome_analysis_2021/analysis/metaquast/combined_reference/contigs_reports/misassemblies_plot.pdf
  Drawing misassemblies FRCurve plot...
    saved to /home/tomasc/genome_analysis_2021/analysis/metaquast/combined_reference/contigs_reports/misassemblies_frcurve_plot.pdf
Done.

2021-04-26 21:01:22
Running NA-NGA calculation...
  final.contigs, Largest alignment = 4862, NA50 = None, LA50 = None
  Drawing cumulative plot...
    saved to /home/tomasc/genome_analysis_2021/analysis/metaquast/combined_reference/aligned_stats/cumulative_plot.pdf
  Drawing NAx plot...
    saved to /home/tomasc/genome_analysis_2021/analysis/metaquast/combined_reference/aligned_stats/NAx_plot.pdf
Done.

2021-04-26 21:01:32
Running Genome analyzer...
  NOTICE: No file with genes provided. Use the -G option if you want to specify it.
  NOTICE: No file with operons provided. Use the -O option if you want to specify it.
  final.contigs
  Analysis is finished.
  Skipping drawing Genome fraction, % histogram... (less than 2 columns histogram makes no sense)
Done.

NOTICE: Genes are not predicted by default. Use --gene-finding option to enable it.

2021-04-26 21:02:09
Creating large visual summaries...
This may take a while: press Ctrl-C to skip this step..
  1 of 2: Creating Icarus viewers...
  2 of 2: Creating PDF with all tables and plots...
Done

2021-04-26 21:02:22
RESULTS:
  Text versions of total report are saved to /home/tomasc/genome_analysis_2021/analysis/metaquast/combined_reference/report.txt, report.tsv, and report.tex
  Text versions of transposed total report are saved to /home/tomasc/genome_analysis_2021/analysis/metaquast/combined_reference/transposed_report.txt, transposed_report.tsv, and transposed_report.tex
  HTML version (interactive tables and plots) saved to /home/tomasc/genome_analysis_2021/analysis/metaquast/combined_reference/report.html
  PDF version (tables and plots) is saved to /home/tomasc/genome_analysis_2021/analysis/metaquast/combined_reference/report.pdf
  Icarus (contig browser) is saved to /home/tomasc/genome_analysis_2021/analysis/metaquast/combined_reference/icarus.html

Excluding downloaded references with low genome fraction from further analysis..

Filtered reference(s):
  /home/tomasc/genome_analysis_2021/analysis/metaquast/quast_downloaded_references/Synechococcus_sp._WH_7805.fasta ==> Synechococcus_sp._WH_7805
  All references were combined in combined_reference.fasta
  Pre-processing...
  /home/tomasc/genome_analysis_2021/analysis/final.contigs.fa ==> final.contigs

Starting quast.py for the corrected combined reference...
/sw/bioinfo/quast/4.5.4/rackham/bin/quast.py -t 2 --combined-ref --colors #E31A1C --ls solid --ambiguity-usage all /home/tomasc/genome_analysis_2021/analysis/final.contigs.fa -R /home/tomasc/genome_analysis_2021/analysis/metaquast/quast_corrected_input/combined_reference.fasta -o /home/tomasc/genome_analysis_2021/analysis/metaquast/combined_reference --labels final.contigs

Started: 2021-04-26 21:02:57

Logging to /home/tomasc/genome_analysis_2021/analysis/metaquast/combined_reference/quast.log
NOTICE: Output directory already exists. Existing Nucmer alignments can be used

CWD: /domus/h1/tomasc/genome_analysis_2021/tomas_c_repository/code
Main parameters: 
  Threads: 2, minimum contig length: 500, ambiguity: all, threshold for extensive misassembly size: 1000

Reference:
  /home/tomasc/genome_analysis_2021/analysis/metaquast/quast_corrected_input/combined_reference.fasta ==> combined_reference

Contigs:
  Pre-processing...
  /home/tomasc/genome_analysis_2021/analysis/final.contigs.fa ==> final.contigs

2021-04-26 21:03:21
Running Basic statistics processor...
  Reference genome:
    combined_reference.fasta, length = 2627046, num fragments = 3, GC % = 57.63
  Contig files: 
    final.contigs
  Calculating N50 and L50...
    final.contigs, N50 = 1358, L50 = 37128, Total length = 231303815, GC % = 47.76, # N's per 100 kbp =  0.00
  Drawing Nx plot...
    saved to /home/tomasc/genome_analysis_2021/analysis/metaquast/combined_reference/basic_stats/Nx_plot.pdf
  Drawing cumulative plot...
    saved to /home/tomasc/genome_analysis_2021/analysis/metaquast/combined_reference/basic_stats/cumulative_plot.pdf
  Drawing GC content plot...
    saved to /home/tomasc/genome_analysis_2021/analysis/metaquast/combined_reference/basic_stats/GC_content_plot.pdf
  Drawing final.contigs GC content plot...
    saved to /home/tomasc/genome_analysis_2021/analysis/metaquast/combined_reference/basic_stats/final.contigs_GC_content_plot.pdf
Done.

2021-04-26 21:03:45
Running Contig analyzer...
  final.contigs
  Logging to files /home/tomasc/genome_analysis_2021/analysis/metaquast/combined_reference/contigs_reports/contigs_report_final-contigs.stdout and contigs_report_final-contigs.stderr...
  Aligning contigs to the reference
  MUMmer plot saved to /home/tomasc/genome_analysis_2021/analysis/metaquast/combined_reference/contigs_reports/final-contigs_mummerplot.html
  Analysis is finished.
  Gzipping /home/tomasc/genome_analysis_2021/analysis/metaquast/combined_reference/contigs_reports/nucmer_output/final-contigs.all_snps to reduce disk space usage...
    saved to /home/tomasc/genome_analysis_2021/analysis/metaquast/combined_reference/contigs_reports/nucmer_output/final-contigs.all_snps.gz
  Information about interspecies translocations by references for final-contigs is saved to /home/tomasc/genome_analysis_2021/analysis/metaquast/combined_reference/contigs_reports/interspecies_translocations_by_refs_final-contigs.info
  Drawing Intergenomic misassemblies (found and supposed) metaQUAST summary plot...
    saved to /home/tomasc/genome_analysis_2021/analysis/metaquast/combined_reference/contigs_reports/intergenomic_misassemblies.pdf
  Creating total report...
    saved to /home/tomasc/genome_analysis_2021/analysis/metaquast/combined_reference/contigs_reports/misassemblies_report.txt, misassemblies_report.tsv, and misassemblies_report.tex
  Transposed version of total report...
    saved to /home/tomasc/genome_analysis_2021/analysis/metaquast/combined_reference/contigs_reports/transposed_report_misassemblies.txt, transposed_report_misassemblies.tsv, and transposed_report_misassemblies.tex
  Creating total report...
    saved to /home/tomasc/genome_analysis_2021/analysis/metaquast/combined_reference/contigs_reports/unaligned_report.txt, unaligned_report.tsv, and unaligned_report.tex
  Drawing misassemblies by types plot...
    saved to /home/tomasc/genome_analysis_2021/analysis/metaquast/combined_reference/contigs_reports/misassemblies_plot.pdf
  Drawing misassemblies FRCurve plot...
    saved to /home/tomasc/genome_analysis_2021/analysis/metaquast/combined_reference/contigs_reports/misassemblies_frcurve_plot.pdf
Done.

2021-04-26 21:04:54
Running NA-NGA calculation...
  final.contigs, Largest alignment = 4519, NA50 = None, LA50 = None
  Drawing cumulative plot...
    saved to /home/tomasc/genome_analysis_2021/analysis/metaquast/combined_reference/aligned_stats/cumulative_plot.pdf
  Drawing NAx plot...
    saved to /home/tomasc/genome_analysis_2021/analysis/metaquast/combined_reference/aligned_stats/NAx_plot.pdf
Done.

2021-04-26 21:04:59
Running Genome analyzer...
  NOTICE: No file with genes provided. Use the -G option if you want to specify it.
  NOTICE: No file with operons provided. Use the -O option if you want to specify it.
  final.contigs
  Analysis is finished.
  Skipping drawing Genome fraction, % histogram... (less than 2 columns histogram makes no sense)
Done.

NOTICE: Genes are not predicted by default. Use --gene-finding option to enable it.

2021-04-26 21:05:06
Creating large visual summaries...
This may take a while: press Ctrl-C to skip this step..
  1 of 2: Creating Icarus viewers...
  2 of 2: Creating PDF with all tables and plots...
Done

2021-04-26 21:05:11
RESULTS:
  Text versions of total report are saved to /home/tomasc/genome_analysis_2021/analysis/metaquast/combined_reference/report.txt, report.tsv, and report.tex
  Text versions of transposed total report are saved to /home/tomasc/genome_analysis_2021/analysis/metaquast/combined_reference/transposed_report.txt, transposed_report.tsv, and transposed_report.tex
  HTML version (interactive tables and plots) saved to /home/tomasc/genome_analysis_2021/analysis/metaquast/combined_reference/report.html
  PDF version (tables and plots) is saved to /home/tomasc/genome_analysis_2021/analysis/metaquast/combined_reference/report.pdf
  Icarus (contig browser) is saved to /home/tomasc/genome_analysis_2021/analysis/metaquast/combined_reference/icarus.html

Partitioning contigs into bins aligned to each reference..
  processing final.contigs

Starting quast.py for the contigs aligned to Synechococcus_sp._WH_7805... (logging to /home/tomasc/genome_analysis_2021/analysis/metaquast/runs_per_reference/Synechococcus_sp._WH_7805/quast.log)
/sw/bioinfo/quast/4.5.4/rackham/bin/quast.py -t 2 --colors #E31A1C --ls solid --no-check-meta --contig-thresholds 1000,5000,10000,25000,50000 /home/tomasc/genome_analysis_2021/analysis/metaquast/quast_corrected_input/final-contigs_to_Synechococcus_sp._WH_7805.fasta -R /home/tomasc/genome_analysis_2021/analysis/metaquast/quast_corrected_input/Synechococcus_sp._WH_7805.fasta__1 -o /home/tomasc/genome_analysis_2021/analysis/metaquast/runs_per_reference/Synechococcus_sp._WH_7805 --labels final.contigs

Started: 2021-04-26 21:05:24

Logging to /home/tomasc/genome_analysis_2021/analysis/metaquast/runs_per_reference/Synechococcus_sp._WH_7805/quast.log

CWD: /domus/h1/tomasc/genome_analysis_2021/tomas_c_repository/code
Main parameters: 
  Threads: 2, minimum contig length: 500, ambiguity: one, threshold for extensive misassembly size: 1000

Reference:
  /home/tomasc/genome_analysis_2021/analysis/metaquast/quast_corrected_input/Synechococcus_sp._WH_7805.fasta__1 ==> Synechococcus_sp._WH_7805

Contigs:
  Pre-processing...
  /home/tomasc/genome_analysis_2021/analysis/metaquast/quast_corrected_input/final-contigs_to_Synechococcus_sp._WH_7805.fasta ==> final.contigs

2021-04-26 21:05:24
Running Basic statistics processor...
  Reference genome:
    Synechococcus_sp._WH_7805.fasta__1, length = 2627046, num fragments = 3, GC % = 57.63
  Contig files: 
    final.contigs
  Calculating N50 and L50...
    final.contigs, N50 = 705, L50 = 181, Total length = 403236, GC % = 59.77, # N's per 100 kbp =  0.00
  Drawing Nx plot...
    saved to /home/tomasc/genome_analysis_2021/analysis/metaquast/runs_per_reference/Synechococcus_sp._WH_7805/basic_stats/Nx_plot.pdf
  Drawing NGx plot...
    saved to /home/tomasc/genome_analysis_2021/analysis/metaquast/runs_per_reference/Synechococcus_sp._WH_7805/basic_stats/NGx_plot.pdf
  Drawing cumulative plot...
    saved to /home/tomasc/genome_analysis_2021/analysis/metaquast/runs_per_reference/Synechococcus_sp._WH_7805/basic_stats/cumulative_plot.pdf
  Drawing GC content plot...
    saved to /home/tomasc/genome_analysis_2021/analysis/metaquast/runs_per_reference/Synechococcus_sp._WH_7805/basic_stats/GC_content_plot.pdf
  Drawing final.contigs GC content plot...
    saved to /home/tomasc/genome_analysis_2021/analysis/metaquast/runs_per_reference/Synechococcus_sp._WH_7805/basic_stats/final.contigs_GC_content_plot.pdf
Done.

2021-04-26 21:05:26
Running Contig analyzer...
  final.contigs
  Logging to files /home/tomasc/genome_analysis_2021/analysis/metaquast/runs_per_reference/Synechococcus_sp._WH_7805/contigs_reports/contigs_report_final-contigs.stdout and contigs_report_final-contigs.stderr...
  Aligning contigs to the reference
  MUMmer plot saved to /home/tomasc/genome_analysis_2021/analysis/metaquast/runs_per_reference/Synechococcus_sp._WH_7805/contigs_reports/final-contigs_mummerplot.html
  Analysis is finished.
  Gzipping /home/tomasc/genome_analysis_2021/analysis/metaquast/runs_per_reference/Synechococcus_sp._WH_7805/contigs_reports/nucmer_output/final-contigs.all_snps to reduce disk space usage...
    saved to /home/tomasc/genome_analysis_2021/analysis/metaquast/runs_per_reference/Synechococcus_sp._WH_7805/contigs_reports/nucmer_output/final-contigs.all_snps.gz
  Creating total report...
    saved to /home/tomasc/genome_analysis_2021/analysis/metaquast/runs_per_reference/Synechococcus_sp._WH_7805/contigs_reports/misassemblies_report.txt, misassemblies_report.tsv, and misassemblies_report.tex
  Transposed version of total report...
    saved to /home/tomasc/genome_analysis_2021/analysis/metaquast/runs_per_reference/Synechococcus_sp._WH_7805/contigs_reports/transposed_report_misassemblies.txt, transposed_report_misassemblies.tsv, and transposed_report_misassemblies.tex
  Creating total report...
    saved to /home/tomasc/genome_analysis_2021/analysis/metaquast/runs_per_reference/Synechococcus_sp._WH_7805/contigs_reports/unaligned_report.txt, unaligned_report.tsv, and unaligned_report.tex
  Drawing misassemblies by types plot...
    saved to /home/tomasc/genome_analysis_2021/analysis/metaquast/runs_per_reference/Synechococcus_sp._WH_7805/contigs_reports/misassemblies_plot.pdf
  Drawing misassemblies FRCurve plot...
    saved to /home/tomasc/genome_analysis_2021/analysis/metaquast/runs_per_reference/Synechococcus_sp._WH_7805/contigs_reports/misassemblies_frcurve_plot.pdf
Done.

2021-04-26 21:05:34
Running NA-NGA calculation...
  final.contigs, Largest alignment = 4519, NA50 = 629, LA50 = 241
  Drawing cumulative plot...
    saved to /home/tomasc/genome_analysis_2021/analysis/metaquast/runs_per_reference/Synechococcus_sp._WH_7805/aligned_stats/cumulative_plot.pdf
  Drawing NAx plot...
    saved to /home/tomasc/genome_analysis_2021/analysis/metaquast/runs_per_reference/Synechococcus_sp._WH_7805/aligned_stats/NAx_plot.pdf
  Drawing NGAx plot...
    saved to /home/tomasc/genome_analysis_2021/analysis/metaquast/runs_per_reference/Synechococcus_sp._WH_7805/aligned_stats/NGAx_plot.pdf
Done.

2021-04-26 21:05:35
Running Genome analyzer...
  NOTICE: No file with genes provided. Use the -G option if you want to specify it.
  NOTICE: No file with operons provided. Use the -O option if you want to specify it.
  final.contigs
  Analysis is finished.
  Skipping drawing Genome fraction, % histogram... (less than 2 columns histogram makes no sense)
Done.

NOTICE: Genes are not predicted by default. Use --gene-finding option to enable it.

2021-04-26 21:05:36
Creating large visual summaries...
This may take a while: press Ctrl-C to skip this step..
  1 of 2: Creating Icarus viewers...
  2 of 2: Creating PDF with all tables and plots...
Done

2021-04-26 21:05:37
RESULTS:
  Text versions of total report are saved to /home/tomasc/genome_analysis_2021/analysis/metaquast/runs_per_reference/Synechococcus_sp._WH_7805/report.txt, report.tsv, and report.tex
  Text versions of transposed total report are saved to /home/tomasc/genome_analysis_2021/analysis/metaquast/runs_per_reference/Synechococcus_sp._WH_7805/transposed_report.txt, transposed_report.tsv, and transposed_report.tex
  HTML version (interactive tables and plots) saved to /home/tomasc/genome_analysis_2021/analysis/metaquast/runs_per_reference/Synechococcus_sp._WH_7805/report.html
  PDF version (tables and plots) is saved to /home/tomasc/genome_analysis_2021/analysis/metaquast/runs_per_reference/Synechococcus_sp._WH_7805/report.pdf
  Icarus (contig browser) is saved to /home/tomasc/genome_analysis_2021/analysis/metaquast/runs_per_reference/Synechococcus_sp._WH_7805/icarus.html

Starting quast.py for the contigs not aligned anywhere... (logging to /home/tomasc/genome_analysis_2021/analysis/metaquast/not_aligned/quast.log)
/sw/bioinfo/quast/4.5.4/rackham/bin/quast.py -t 2 --colors #E31A1C --ls solid --no-check-meta --contig-thresholds 1000,5000,10000,25000,50000 /home/tomasc/genome_analysis_2021/analysis/metaquast/quast_corrected_input/final-contigs_not_aligned_anywhere.fasta -o /home/tomasc/genome_analysis_2021/analysis/metaquast/not_aligned --labels final.contigs

Started: 2021-04-26 21:05:37

Logging to /home/tomasc/genome_analysis_2021/analysis/metaquast/not_aligned/quast.log

CWD: /domus/h1/tomasc/genome_analysis_2021/tomas_c_repository/code
Main parameters: 
  Threads: 2, minimum contig length: 500, ambiguity: one, threshold for extensive misassembly size: 1000

Contigs:
  Pre-processing...
  /home/tomasc/genome_analysis_2021/analysis/metaquast/quast_corrected_input/final-contigs_not_aligned_anywhere.fasta ==> final.contigs

2021-04-26 21:05:42
Running Basic statistics processor...
  Contig files: 
    final.contigs
  Calculating N50 and L50...
    final.contigs, N50 = 1361, L50 = 37006, Total length = 230900579, GC % = 47.74, # N's per 100 kbp =  0.00
  Drawing Nx plot...
    saved to /home/tomasc/genome_analysis_2021/analysis/metaquast/not_aligned/basic_stats/Nx_plot.pdf
  Drawing cumulative plot...
    saved to /home/tomasc/genome_analysis_2021/analysis/metaquast/not_aligned/basic_stats/cumulative_plot.pdf
  Drawing GC content plot...
    saved to /home/tomasc/genome_analysis_2021/analysis/metaquast/not_aligned/basic_stats/GC_content_plot.pdf
  Drawing final.contigs GC content plot...
    saved to /home/tomasc/genome_analysis_2021/analysis/metaquast/not_aligned/basic_stats/final.contigs_GC_content_plot.pdf
Done.

NOTICE: Genes are not predicted by default. Use --gene-finding option to enable it.

2021-04-26 21:06:04
Creating large visual summaries...
This may take a while: press Ctrl-C to skip this step..
  1 of 2: Creating Icarus viewers...
  2 of 2: Creating PDF with all tables and plots...
Done

2021-04-26 21:06:12
RESULTS:
  Text versions of total report are saved to /home/tomasc/genome_analysis_2021/analysis/metaquast/not_aligned/report.txt, report.tsv, and report.tex
  Text versions of transposed total report are saved to /home/tomasc/genome_analysis_2021/analysis/metaquast/not_aligned/transposed_report.txt, transposed_report.tsv, and transposed_report.tex
  HTML version (interactive tables and plots) saved to /home/tomasc/genome_analysis_2021/analysis/metaquast/not_aligned/report.html
  PDF version (tables and plots) is saved to /home/tomasc/genome_analysis_2021/analysis/metaquast/not_aligned/report.pdf
  Icarus (contig browser) is saved to /home/tomasc/genome_analysis_2021/analysis/metaquast/not_aligned/icarus.html

2021-04-26 21:06:12
Summarizing results...
  Drawing # contigs metaQUAST summary plot...
    saved to /home/tomasc/genome_analysis_2021/analysis/metaquast/summary/PDF/#_contigs.pdf
  Drawing Largest contig metaQUAST summary plot...
    saved to /home/tomasc/genome_analysis_2021/analysis/metaquast/summary/PDF/Largest_contig.pdf
  Drawing Total length metaQUAST summary plot...
    saved to /home/tomasc/genome_analysis_2021/analysis/metaquast/summary/PDF/Total_length.pdf
  Drawing Largest alignment metaQUAST summary plot...
    saved to /home/tomasc/genome_analysis_2021/analysis/metaquast/summary/PDF/Largest_alignment.pdf
  Drawing Total aligned length metaQUAST summary plot...
    saved to /home/tomasc/genome_analysis_2021/analysis/metaquast/summary/PDF/Total_aligned_length.pdf
  Drawing Total length (>= 1000 bp) metaQUAST summary plot...
    saved to /home/tomasc/genome_analysis_2021/analysis/metaquast/summary/PDF/Total_length_(>=_1000_bp).pdf
  Drawing Total length (>= 10000 bp) metaQUAST summary plot...
    saved to /home/tomasc/genome_analysis_2021/analysis/metaquast/summary/PDF/Total_length_(>=_10000_bp).pdf
  Drawing Total length (>= 50000 bp) metaQUAST summary plot...
    saved to /home/tomasc/genome_analysis_2021/analysis/metaquast/summary/PDF/Total_length_(>=_50000_bp).pdf
  Drawing # misassemblies metaQUAST summary plot...
    saved to /home/tomasc/genome_analysis_2021/analysis/metaquast/summary/PDF/#_misassemblies.pdf
  Drawing metaQUAST summary misassemblies plot for final.contigs...
    saved to /home/tomasc/genome_analysis_2021/analysis/metaquast/summary/PDF/final-contigs_misassemblies.pdf
  Drawing Misassembled contigs length metaQUAST summary plot...
    saved to /home/tomasc/genome_analysis_2021/analysis/metaquast/summary/PDF/Misassembled_contigs_length.pdf
  Drawing # mismatches per 100 kbp metaQUAST summary plot...
    saved to /home/tomasc/genome_analysis_2021/analysis/metaquast/summary/PDF/#_mismatches_per_100_kbp.pdf
  Drawing # indels per 100 kbp metaQUAST summary plot...
    saved to /home/tomasc/genome_analysis_2021/analysis/metaquast/summary/PDF/#_indels_per_100_kbp.pdf
  Drawing # N's per 100 kbp metaQUAST summary plot...
    saved to /home/tomasc/genome_analysis_2021/analysis/metaquast/summary/PDF/#_N's_per_100_kbp.pdf
  Drawing Genome fraction (%) metaQUAST summary plot...
    saved to /home/tomasc/genome_analysis_2021/analysis/metaquast/summary/PDF/Genome_fraction_(%).pdf
  Drawing Duplication ratio metaQUAST summary plot...
    saved to /home/tomasc/genome_analysis_2021/analysis/metaquast/summary/PDF/Duplication_ratio.pdf
  Drawing Avg contig read support metaQUAST summary plot...
    saved to /home/tomasc/genome_analysis_2021/analysis/metaquast/summary/PDF/Avg_contig_read_support.pdf
  Drawing # genes metaQUAST summary plot...
    saved to /home/tomasc/genome_analysis_2021/analysis/metaquast/summary/PDF/#_genes.pdf
  Drawing # operons metaQUAST summary plot...
    saved to /home/tomasc/genome_analysis_2021/analysis/metaquast/summary/PDF/#_operons.pdf
  Drawing NGA50 metaQUAST summary plot...
    saved to /home/tomasc/genome_analysis_2021/analysis/metaquast/summary/PDF/NGA50.pdf
  Drawing LGA50 metaQUAST summary plot...
    saved to /home/tomasc/genome_analysis_2021/analysis/metaquast/summary/PDF/LGA50.pdf
  Drawing # predicted genes (unique) metaQUAST summary plot...
    saved to /home/tomasc/genome_analysis_2021/analysis/metaquast/summary/PDF/#_predicted_genes_(unique).pdf

  Text versions of reports and plots for each metric (for all references and assemblies) are saved to /home/tomasc/genome_analysis_2021/analysis/metaquast/summary/
  Icarus (contig browser) is saved to /home/tomasc/genome_analysis_2021/analysis/metaquast/icarus.html
  Drawing interactive Krona plots...
  Krona chart for final.contigs is saved to /home/tomasc/genome_analysis_2021/analysis/metaquast/krona_charts/final.contigs_taxonomy_chart.html
  Extended version of HTML-report (for all references and assemblies) is saved to /home/tomasc/genome_analysis_2021/analysis/metaquast/report.html

MetaQUAST finished.
  Log saved to /home/tomasc/genome_analysis_2021/analysis/metaquast/metaquast.log

Finished: 2021-04-26 21:06:19
Elapsed time: 1:05:11.955370
Total NOTICEs: 7; WARNINGs: 1; non-fatal ERRORs: 0

Thank you for using QUAST!
