/sw/bioinfo/quast/4.5.4/rackham/bin/metaquast.py -t 2 /home/tomasc/genome_analysis_2021/analysis/final.contigs.fa -o /home/tomasc/genome_analysis_2021/analysis/metaquast -1 /home/tomasc/genome_analysis_2021/tomas_c_repository/data/dna_data/SRR4342129_1.paired.trimmed.fastq.gz /home/tomasc/genome_analysis_2021/tomas_c_repository/data/dna_data/SRR4342133_1.paired.trimmed.fastq.gz -2 /home/tomasc/genome_analysis_2021/tomas_c_repository/data/dna_data/SRR4342129_2.paired.trimmed.fastq.gz /home/tomasc/genome_analysis_2021/tomas_c_repository/data/dna_data/SRR4342133_2.paired.trimmed.fastq.gz

Version: 4.5.4

System information:
  OS: Linux-3.10.0-1160.21.1.el7.x86_64-x86_64-with-centos-7.9.2009-Core (linux_64)
  Python version: 2.7.6
  CPUs number: 16

Started: 2021-04-26 17:23:02

Logging to /home/tomasc/genome_analysis_2021/analysis/metaquast/metaquast.log

Contigs:
  Pre-processing...
  1  /home/tomasc/genome_analysis_2021/analysis/final.contigs.fa ==> final.contigs
  2  /home/tomasc/genome_analysis_2021/tomas_c_repository/data/dna_data/SRR4342133_1.paired.trimmed.fastq.gz ==> SRR4342133_1.paired.trimmed.fastq
  3  /home/tomasc/genome_analysis_2021/tomas_c_repository/data/dna_data/SRR4342133_2.paired.trimmed.fastq.gz ==> SRR4342133_2.paired.trimmed.fastq

No references are provided, starting to search for reference genomes in SILVA 16S rRNA database and to download them from NCBI...

2021-04-26 17:31:15


Running BlastN..
  processing final.contigs
  processing SRR4342133_1.paired.trimmed.fastq
  unpacking SRR4342133_1.paired.trimmed.fastq
  BLAST results for SRR4342133_1.paired.trimmed.fastq are saved to /home/tomasc/genome_analysis_2021/analysis/metaquast/quast_downloaded_references/blast.res_SRR4342133_1-paired-trimmed-fastq...
  processing SRR4342133_2.paired.trimmed.fastq
  unpacking SRR4342133_2.paired.trimmed.fastq
  BLAST results for SRR4342133_2.paired.trimmed.fastq are saved to /home/tomasc/genome_analysis_2021/analysis/metaquast/quast_downloaded_references/blast.res_SRR4342133_2-paired-trimmed-fastq...
  BLAST results for final.contigs are saved to /home/tomasc/genome_analysis_2021/analysis/metaquast/quast_downloaded_references/blast.res_final-contigs...


2021-04-26 18:22:56
Trying to download found references from NCBI. Totally 50 organisms to try.
marine metagenome has too fragmented reference genome! It will not be downloaded.
  marine_metagenome                                        | not found in the NCBI database
  gamma_proteobacterium_SCGC_AB-629-P17                    | successfully downloaded (total 1, 48 more to go)
  Synechococcus_sp._WH_7805                                | successfully downloaded (total 2, 47 more to go)
  Aquimarina_sp._22II-S11-z7                               | successfully downloaded (total 3, 46 more to go)
  Polaribacter_sp._MED152                                  | successfully downloaded (total 4, 45 more to go)
  Planctomyces_maris_DSM_8797                              | successfully downloaded (total 5, 44 more to go)
  Iamia_majanohamensis                                     | not found in the NCBI database
  bacterium_WH5-6                                          | not found in the NCBI database
  Luminiphilus_syltensis_NOR5-1B                           | successfully downloaded (total 6, 41 more to go)
  unidentified_marine_bacterioplankton                     | not found in the NCBI database
  Osedax_symbiont_Rs2                                      | successfully downloaded (total 7, 39 more to go)
  Thioalkalivibrio_sulfidiphilus_HL-EbGr7                  | successfully downloaded (total 8, 38 more to go)
  Lishizhenia_caseinilytica                                | not found in the NCBI database
  Ilumatobacter_nonamiensis_YM16-303                       | successfully downloaded (total 9, 36 more to go)
  Vibrio_coralliilyticus                                   | successfully downloaded (total 10, 35 more to go)
  magnetic_coccus_MP17                                     | not found in the NCBI database
  Fabibacter_sp._NBRC_110216                               | successfully downloaded (total 11, 33 more to go)
  Formosa_agariphila_KMM_3901                              | successfully downloaded (total 12, 32 more to go)
  Oceanibaculum_indicum_P24                                | successfully downloaded (total 13, 31 more to go)
  Aminobacter_sp._J41                                      | successfully downloaded (total 14, 30 more to go)
  Roseivivax_sp._BH143                                     | not found in the NCBI database
  Magnetococcus_marinus_MC-1                               | successfully downloaded (total 15, 28 more to go)
  Gaiella_sp._EBR4-R2                                      | not found in the NCBI database
  Verrucomicrobia_bacterium_SCGC_AAA027-I19                | successfully downloaded (total 16, 26 more to go)
  Thiohalobacter_thiocyanaticus                            | successfully downloaded (total 17, 25 more to go)
  Psychroserpens_sp._PAMC_27130                            | successfully downloaded (total 18, 24 more to go)
  Spongiibacter_tropicus_DSM_19543                         | successfully downloaded (total 19, 23 more to go)
  Methylobacter_marinus_A45                                | successfully downloaded (total 20, 22 more to go)
  Methylohalomonas_lacus                                   | not found in the NCBI database
  Coraliomargarita_akajimensis_DSM_45221                   | successfully downloaded (total 21, 20 more to go)
  Ilumatobacter_fluminis                                   | successfully downloaded (total 22, 19 more to go)
  Phaeocystidibacter_sp._G18                               | successfully downloaded (total 23, 18 more to go)
  Haloferula_phyci                                         | not found in the NCBI database
  Photobacterium_halotolerans                              | successfully downloaded (total 24, 16 more to go)
  Burkholderia_pseudomallei_MSHR1043                       | successfully downloaded (total 25, 15 more to go)
  Dehalogenimonas_lykanthroporepellens_BL-DC-9             | successfully downloaded (total 26, 14 more to go)
  marine_gamma_proteobacterium_HTCC2188                    | not found in the NCBI database
  Acidithiomicrobium_sp._P1                                | not found in the NCBI database
  Leptothrix_sp._OT_B_406                                  | not found in the NCBI database
  Candidatus_Nitrosoarchaeum_limnia_SFB1                   | successfully downloaded (total 27, 10 more to go)
  Nitrospina_sp._SCGC_AAA288-L16                           | successfully downloaded (total 28, 9 more to go)
Pseudomonas mosselii SJ10 has too fragmented reference genome! It will not be downloaded.
  Pseudomonas_mosselii_SJ10                                | not found in the NCBI database
  Blastopirellula_marina                                   | successfully downloaded (total 29, 7 more to go)
  Simiduia_agarivorans_SA1_=_DSM_21679                     | successfully downloaded (total 30, 6 more to go)
  denitrifying_bacterium_enrichment_culture_clone_NOB_2_C9 | not found in the NCBI database
  Nitrospina_gracilis_3                                    | not found in the NCBI database
  bacterium_enrichment_culture_clone_136(2011)             | not found in the NCBI database
  Nisaea_sp._MOLA_138                                      | not found in the NCBI database
  Marispirillum_indicum                                    | not found in the NCBI database
  Sneathiella_chinensis                                    | successfully downloaded (total 31, 0 more to go)

Downloaded reference(s):
  /home/tomasc/genome_analysis_2021/analysis/metaquast/quast_downloaded_references/Aminobacter_sp._J41.fasta ==> Aminobacter_sp._J41
  /home/tomasc/genome_analysis_2021/analysis/metaquast/quast_downloaded_references/Aquimarina_sp._22II-S11-z7.fasta ==> Aquimarina_sp._22II-S11-z7
  /home/tomasc/genome_analysis_2021/analysis/metaquast/quast_downloaded_references/Blastopirellula_marina.fasta ==> Blastopirellula_marina
  /home/tomasc/genome_analysis_2021/analysis/metaquast/quast_downloaded_references/Burkholderia_pseudomallei_MSHR1043.fasta ==> Burkholderia_pseudomallei_MSHR1043
  /home/tomasc/genome_analysis_2021/analysis/metaquast/quast_downloaded_references/Candidatus_Nitrosoarchaeum_limnia_SFB1.fasta ==> Candidatus_Nitrosoarchaeum_limnia_SFB1
  /home/tomasc/genome_analysis_2021/analysis/metaquast/quast_downloaded_references/Coraliomargarita_akajimensis_DSM_45221.fasta ==> Coraliomargarita_akajimensis_DSM_45221
  /home/tomasc/genome_analysis_2021/analysis/metaquast/quast_downloaded_references/Dehalogenimonas_lykanthroporepellens_BL-DC-9.fasta ==> Dehalogenimonas_lykanthroporepellens_BL-DC-9
  /home/tomasc/genome_analysis_2021/analysis/metaquast/quast_downloaded_references/Fabibacter_sp._NBRC_110216.fasta ==> Fabibacter_sp._NBRC_110216
  /home/tomasc/genome_analysis_2021/analysis/metaquast/quast_downloaded_references/Formosa_agariphila_KMM_3901.fasta ==> Formosa_agariphila_KMM_3901
  /home/tomasc/genome_analysis_2021/analysis/metaquast/quast_downloaded_references/Ilumatobacter_fluminis.fasta ==> Ilumatobacter_fluminis
  /home/tomasc/genome_analysis_2021/analysis/metaquast/quast_downloaded_references/Ilumatobacter_nonamiensis_YM16-303.fasta ==> Ilumatobacter_nonamiensis_YM16-303
  /home/tomasc/genome_analysis_2021/analysis/metaquast/quast_downloaded_references/Luminiphilus_syltensis_NOR5-1B.fasta ==> Luminiphilus_syltensis_NOR5-1B
  /home/tomasc/genome_analysis_2021/analysis/metaquast/quast_downloaded_references/Magnetococcus_marinus_MC-1.fasta ==> Magnetococcus_marinus_MC-1
  /home/tomasc/genome_analysis_2021/analysis/metaquast/quast_downloaded_references/Methylobacter_marinus_A45.fasta ==> Methylobacter_marinus_A45
  /home/tomasc/genome_analysis_2021/analysis/metaquast/quast_downloaded_references/Nitrospina_sp._SCGC_AAA288-L16.fasta ==> Nitrospina_sp._SCGC_AAA288-L16
  /home/tomasc/genome_analysis_2021/analysis/metaquast/quast_downloaded_references/Oceanibaculum_indicum_P24.fasta ==> Oceanibaculum_indicum_P24
  /home/tomasc/genome_analysis_2021/analysis/metaquast/quast_downloaded_references/Osedax_symbiont_Rs2.fasta ==> Osedax_symbiont_Rs2
  /home/tomasc/genome_analysis_2021/analysis/metaquast/quast_downloaded_references/Phaeocystidibacter_sp._G18.fasta ==> Phaeocystidibacter_sp._G18
  /home/tomasc/genome_analysis_2021/analysis/metaquast/quast_downloaded_references/Photobacterium_halotolerans.fasta ==> Photobacterium_halotolerans
  /home/tomasc/genome_analysis_2021/analysis/metaquast/quast_downloaded_references/Planctomyces_maris_DSM_8797.fasta ==> Planctomyces_maris_DSM_8797
  /home/tomasc/genome_analysis_2021/analysis/metaquast/quast_downloaded_references/Polaribacter_sp._MED152.fasta ==> Polaribacter_sp._MED152
  /home/tomasc/genome_analysis_2021/analysis/metaquast/quast_downloaded_references/Psychroserpens_sp._PAMC_27130.fasta ==> Psychroserpens_sp._PAMC_27130
  /home/tomasc/genome_analysis_2021/analysis/metaquast/quast_downloaded_references/Simiduia_agarivorans_SA1___DSM_21679.fasta ==> Simiduia_agarivorans_SA1___DSM_21679
  /home/tomasc/genome_analysis_2021/analysis/metaquast/quast_downloaded_references/Sneathiella_chinensis.fasta ==> Sneathiella_chinensis
  /home/tomasc/genome_analysis_2021/analysis/metaquast/quast_downloaded_references/Spongiibacter_tropicus_DSM_19543.fasta ==> Spongiibacter_tropicus_DSM_19543
  /home/tomasc/genome_analysis_2021/analysis/metaquast/quast_downloaded_references/Synechococcus_sp._WH_7805.fasta ==> Synechococcus_sp._WH_7805
  /home/tomasc/genome_analysis_2021/analysis/metaquast/quast_downloaded_references/Thioalkalivibrio_sulfidiphilus_HL-EbGr7.fasta ==> Thioalkalivibrio_sulfidiphilus_HL-EbGr7
  /home/tomasc/genome_analysis_2021/analysis/metaquast/quast_downloaded_references/Thiohalobacter_thiocyanaticus.fasta ==> Thiohalobacter_thiocyanaticus
  /home/tomasc/genome_analysis_2021/analysis/metaquast/quast_downloaded_references/Verrucomicrobia_bacterium_SCGC_AAA027-I19.fasta ==> Verrucomicrobia_bacterium_SCGC_AAA027-I19
  /home/tomasc/genome_analysis_2021/analysis/metaquast/quast_downloaded_references/Vibrio_coralliilyticus.fasta ==> Vibrio_coralliilyticus
  /home/tomasc/genome_analysis_2021/analysis/metaquast/quast_downloaded_references/gamma_proteobacterium_SCGC_AB-629-P17.fasta ==> gamma_proteobacterium_SCGC_AB-629-P17
  All references were combined in combined_reference.fasta

2021-04-26 18:50:34
Running Reads analyzer...
  Logging to files /home/tomasc/genome_analysis_2021/analysis/metaquast/combined_reference/structural_variations/sv_calling.log and /home/tomasc/genome_analysis_2021/analysis/metaquast/combined_reference/structural_variations/sv_calling.err...
  Pre-processing reads...
  Running BWA...
  Done.
  Sorting SAM-file...

ERROR! Failed searching structural variations! This function is experimental and may work improperly. Sorry for the inconvenience.
Done.

Starting quast.py for the combined reference...
/sw/bioinfo/quast/4.5.4/rackham/bin/quast.py -t 2 --combined-ref --colors #E31A1C,#1F78B4,#33A02C --ls solid,solid,solid --ambiguity-usage all /home/tomasc/genome_analysis_2021/analysis/final.contigs.fa /home/tomasc/genome_analysis_2021/tomas_c_repository/data/dna_data/SRR4342133_1.paired.trimmed.fastq.gz /home/tomasc/genome_analysis_2021/tomas_c_repository/data/dna_data/SRR4342133_2.paired.trimmed.fastq.gz -R /home/tomasc/genome_analysis_2021/analysis/metaquast/quast_corrected_input/combined_reference.fasta -o /home/tomasc/genome_analysis_2021/analysis/metaquast/combined_reference --labels "final.contigs, SRR4342133_1.paired.trimmed.fastq, SRR4342133_2.paired.trimmed.fastq"

Started: 2021-04-26 19:28:11

Logging to /home/tomasc/genome_analysis_2021/analysis/metaquast/combined_reference/quast.log
NOTICE: Output directory already exists. Existing Nucmer alignments can be used

CWD: /domus/h1/tomasc/genome_analysis_2021/tomas_c_repository/code
Main parameters: 
  Threads: 2, minimum contig length: 500, ambiguity: all, threshold for extensive misassembly size: 1000

Reference:
  /home/tomasc/genome_analysis_2021/analysis/metaquast/quast_corrected_input/combined_reference.fasta ==> combined_reference

Contigs:
  Pre-processing...
    WARNING: Skipping /home/tomasc/genome_analysis_2021/tomas_c_repository/data/dna_data/SRR4342133_1.paired.trimmed.fastq.gz because it contains non-ACGTN characters.
    WARNING: Skipping /home/tomasc/genome_analysis_2021/tomas_c_repository/data/dna_data/SRR4342133_2.paired.trimmed.fastq.gz because it contains non-ACGTN characters.
  1  /home/tomasc/genome_analysis_2021/analysis/final.contigs.fa ==> final.contigs



2021-04-26 19:45:52
Running Basic statistics processor...
  Reference genome:
    combined_reference.fasta, length = 125910770, num fragments = 1760, GC % = 52.23
WARNING:   Reference genome is fragmented. You may consider rerunning QUAST using --fragmented option. QUAST will try to detect misassemblies caused by the fragmentation and mark them fake (will be excluded from # misassemblies).
  Contig files: 
    final.contigs
  Calculating N50 and L50...
    final.contigs, N50 = 1358, L50 = 37128, Total length = 231303815, GC % = 47.76, # N's per 100 kbp =  0.00
  Drawing Nx plot...
    saved to /home/tomasc/genome_analysis_2021/analysis/metaquast/combined_reference/basic_stats/Nx_plot.pdf
  Drawing cumulative plot...
    saved to /home/tomasc/genome_analysis_2021/analysis/metaquast/combined_reference/basic_stats/cumulative_plot.pdf
  Drawing GC content plot...
    saved to /home/tomasc/genome_analysis_2021/analysis/metaquast/combined_reference/basic_stats/GC_content_plot.pdf
  Drawing final.contigs GC content plot...
    saved to /home/tomasc/genome_analysis_2021/analysis/metaquast/combined_reference/basic_stats/final.contigs_GC_content_plot.pdf
Done.

2021-04-26 19:46:27
Running Contig analyzer...
  final.contigs
  Logging to files /home/tomasc/genome_analysis_2021/analysis/metaquast/combined_reference/contigs_reports/contigs_report_final-contigs.stdout and contigs_report_final-contigs.stderr...
  Aligning contigs to the reference
  MUMmer plot saved to /home/tomasc/genome_analysis_2021/analysis/metaquast/combined_reference/contigs_reports/nucmer_output/final-contigs_mummerplot.html
  Analysis is finished.
  Gzipping /home/tomasc/genome_analysis_2021/analysis/metaquast/combined_reference/contigs_reports/nucmer_output/raw/final-contigs.all_snps to reduce disk space usage...
    saved to /home/tomasc/genome_analysis_2021/analysis/metaquast/combined_reference/contigs_reports/nucmer_output/raw/final-contigs.all_snps.gz
  Information about interspecies translocations by references for final-contigs is saved to /home/tomasc/genome_analysis_2021/analysis/metaquast/combined_reference/contigs_reports/interspecies_translocations_by_refs_final-contigs.info
  Drawing Intergenomic misassemblies (found and supposed) metaQUAST summary plot...
    saved to /home/tomasc/genome_analysis_2021/analysis/metaquast/combined_reference/contigs_reports/intergenomic_misassemblies.pdf
  Creating total report...
    saved to /home/tomasc/genome_analysis_2021/analysis/metaquast/combined_reference/contigs_reports/misassemblies_report.txt, misassemblies_report.tsv, and misassemblies_report.tex
  Transposed version of total report...
    saved to /home/tomasc/genome_analysis_2021/analysis/metaquast/combined_reference/contigs_reports/transposed_report_misassemblies.txt, transposed_report_misassemblies.tsv, and transposed_report_misassemblies.tex
  Creating total report...
    saved to /home/tomasc/genome_analysis_2021/analysis/metaquast/combined_reference/contigs_reports/unaligned_report.txt, unaligned_report.tsv, and unaligned_report.tex
  Drawing misassemblies by types plot...
    saved to /home/tomasc/genome_analysis_2021/analysis/metaquast/combined_reference/contigs_reports/misassemblies_plot.pdf
  Drawing misassemblies FRCurve plot...
    saved to /home/tomasc/genome_analysis_2021/analysis/metaquast/combined_reference/contigs_reports/misassemblies_frcurve_plot.pdf
Done.

2021-04-26 19:49:02
Running NA-NGA calculation...
  final.contigs, Largest alignment = 4862, NA50 = None, LA50 = None
  Drawing cumulative plot...
    saved to /home/tomasc/genome_analysis_2021/analysis/metaquast/combined_reference/aligned_stats/cumulative_plot.pdf
  Drawing NAx plot...
    saved to /home/tomasc/genome_analysis_2021/analysis/metaquast/combined_reference/aligned_stats/NAx_plot.pdf
Done.

2021-04-26 19:49:12
Running Genome analyzer...
  NOTICE: No file with genes provided. Use the -G option if you want to specify it.
  NOTICE: No file with operons provided. Use the -O option if you want to specify it.
  final.contigs
  Analysis is finished.
  Skipping drawing Genome fraction, % histogram... (less than 2 columns histogram makes no sense)
Done.

NOTICE: Genes are not predicted by default. Use --gene-finding option to enable it.

2021-04-26 19:49:48
Creating large visual summaries...
This may take a while: press Ctrl-C to skip this step..
  1 of 2: Creating Icarus viewers...
  2 of 2: Creating PDF with all tables and plots...
Done

2021-04-26 19:50:00
RESULTS:
  Text versions of total report are saved to /home/tomasc/genome_analysis_2021/analysis/metaquast/combined_reference/report.txt, report.tsv, and report.tex
  Text versions of transposed total report are saved to /home/tomasc/genome_analysis_2021/analysis/metaquast/combined_reference/transposed_report.txt, transposed_report.tsv, and transposed_report.tex
  HTML version (interactive tables and plots) saved to /home/tomasc/genome_analysis_2021/analysis/metaquast/combined_reference/report.html
  PDF version (tables and plots) is saved to /home/tomasc/genome_analysis_2021/analysis/metaquast/combined_reference/report.pdf
  Icarus (contig browser) is saved to /home/tomasc/genome_analysis_2021/analysis/metaquast/combined_reference/icarus.html

Excluding downloaded references with low genome fraction from further analysis..

Filtered reference(s):
  /home/tomasc/genome_analysis_2021/analysis/metaquast/quast_downloaded_references/Synechococcus_sp._WH_7805.fasta ==> Synechococcus_sp._WH_7805
  All references were combined in combined_reference.fasta
  Pre-processing...

JoblibIndexError
___________________________________________________________________________
Multiprocessing exception:
...........................................................................
/sw/apps/bioinfo/quast/4.5.4/snowy/bin/metaquast.py in <module>()
    432     return logger.finish_up(numbers=tuple(total_num_notifications), check_test=test_mode)
    433 
    434 
    435 if __name__ == '__main__':
    436     try:
--> 437         return_code = main(sys.argv[1:])
    438         exit(return_code)
    439     except Exception:
    440         _, exc_value, _ = sys.exc_info()
    441         logger.exception(exc_value)

...........................................................................
/sw/apps/bioinfo/quast/4.5.4/snowy/bin/metaquast.py in main(args=['-t', '2', '/home/tomasc/genome_analysis_2021/analysis/final.contigs.fa', '-o', '/home/tomasc/genome_analysis_2021/analysis/metaquast', '-1', '/home/tomasc/genome_analysis_2021/tomas_c_reposi...ata/dna_data/SRR4342129_1.paired.trimmed.fastq.gz', '/home/tomasc/genome_analysis_2021/tomas_c_reposi...ata/dna_data/SRR4342133_1.paired.trimmed.fastq.gz', '-2', '/home/tomasc/genome_analysis_2021/tomas_c_reposi...ata/dna_data/SRR4342129_2.paired.trimmed.fastq.gz', '/home/tomasc/genome_analysis_2021/tomas_c_reposi...ata/dna_data/SRR4342133_2.paired.trimmed.fastq.gz'])
    294             logger.main_info('Filtered reference(s):')
    295             os.remove(combined_ref_fpath)
    296             contigs_analyzer.ref_labels_by_chromosomes = OrderedDict()
    297             corrected_ref_fpaths, combined_ref_fpath, chromosomes_by_refs, ref_names = \
    298                 correct_meta_references(corr_ref_fpaths, corrected_dirpath)
--> 299             assemblies, labels = correct_assemblies(contigs_fpaths, output_dirpath, labels)
        assemblies = [<quast_libs.metautils.Assembly instance>]
        labels = ['final.contigs']
        contigs_fpaths = ['/home/tomasc/genome_analysis_2021/analysis/final.contigs.fa', '/home/tomasc/genome_analysis_2021/tomas_c_reposi...ata/dna_data/SRR4342133_1.paired.trimmed.fastq.gz', '/home/tomasc/genome_analysis_2021/tomas_c_reposi...ata/dna_data/SRR4342133_2.paired.trimmed.fastq.gz']
        output_dirpath = '/home/tomasc/genome_analysis_2021/analysis/metaquast'
    300             run_name = 'for the corrected combined reference'
    301             logger.main_info()
    302             logger.main_info('Starting quast.py ' + run_name + '...')
    303             return_code, total_num_notifications = \

...........................................................................
/sw/apps/bioinfo/quast/4.5.4/snowy/lib/python2.7/site-packages/quast_libs/metautils.py in correct_assemblies(contigs_fpaths=['/home/tomasc/genome_analysis_2021/analysis/final.contigs.fa', '/home/tomasc/genome_analysis_2021/tomas_c_reposi...ata/dna_data/SRR4342133_1.paired.trimmed.fastq.gz', '/home/tomasc/genome_analysis_2021/tomas_c_reposi...ata/dna_data/SRR4342133_2.paired.trimmed.fastq.gz'], output_dirpath='/home/tomasc/genome_analysis_2021/analysis/metaquast', labels=['final.contigs'])
    106 def correct_assemblies(contigs_fpaths, output_dirpath, labels):
    107     corrected_dirpath = os.path.join(output_dirpath, qconfig.corrected_dirname)
    108     # we need correction but do not need min-contig filtration
    109     min_contig = qconfig.min_contig
    110     qconfig.min_contig = 0
--> 111     corrected_contigs_fpaths, old_contigs_fpaths = qutils.correct_contigs(contigs_fpaths, corrected_dirpath, labels, reporting=None)
        corrected_contigs_fpaths = undefined
        old_contigs_fpaths = undefined
        contigs_fpaths = ['/home/tomasc/genome_analysis_2021/analysis/final.contigs.fa', '/home/tomasc/genome_analysis_2021/tomas_c_reposi...ata/dna_data/SRR4342133_1.paired.trimmed.fastq.gz', '/home/tomasc/genome_analysis_2021/tomas_c_reposi...ata/dna_data/SRR4342133_2.paired.trimmed.fastq.gz']
        corrected_dirpath = '/home/tomasc/genome_analysis_2021/analysis/metaquast/quast_corrected_input'
        labels = ['final.contigs']
    112     qconfig.min_contig = min_contig
    113     assemblies = [Assembly(fpath, qutils.label_from_fpath(fpath)) for fpath in old_contigs_fpaths]
    114     corrected_labels = [asm.label for asm in assemblies]
    115 

...........................................................................
/sw/apps/bioinfo/quast/4.5.4/snowy/lib/python2.7/site-packages/quast_libs/qutils.py in correct_contigs(contigs_fpaths=['/home/tomasc/genome_analysis_2021/analysis/final.contigs.fa', '/home/tomasc/genome_analysis_2021/tomas_c_reposi...ata/dna_data/SRR4342133_1.paired.trimmed.fastq.gz', '/home/tomasc/genome_analysis_2021/tomas_c_reposi...ata/dna_data/SRR4342133_2.paired.trimmed.fastq.gz'], corrected_dirpath='/home/tomasc/genome_analysis_2021/analysis/metaquast/quast_corrected_input', labels=['final.contigs'], reporting=None)
    199     else:
    200         from joblib3 import Parallel, delayed
    201     logger.main_info('  Pre-processing...')
    202     if not qconfig.memory_efficient:
    203         corrected_info = Parallel(n_jobs=n_jobs)(delayed(parallel_correct_contigs)(i, contigs_fpath,
--> 204                 corrected_dirpath, labels) for i, contigs_fpath in enumerate(contigs_fpaths))
        corrected_dirpath = '/home/tomasc/genome_analysis_2021/analysis/metaquast/quast_corrected_input'
        labels = ['final.contigs']
        i = undefined
        contigs_fpath = undefined
        contigs_fpaths = ['/home/tomasc/genome_analysis_2021/analysis/final.contigs.fa', '/home/tomasc/genome_analysis_2021/tomas_c_reposi...ata/dna_data/SRR4342133_1.paired.trimmed.fastq.gz', '/home/tomasc/genome_analysis_2021/tomas_c_reposi...ata/dna_data/SRR4342133_2.paired.trimmed.fastq.gz']
    205     else:
    206         corrected_info = [parallel_correct_contigs(i, contigs_fpath, corrected_dirpath, labels)
    207                           for i, contigs_fpath in enumerate(contigs_fpaths)]
    208 

...........................................................................
/sw/apps/bioinfo/quast/4.5.4/snowy/lib/python2.7/site-packages/joblib/parallel.py in __call__(self=Parallel(n_jobs=2), iterable=<generator object <genexpr>>)
    784             if pre_dispatch == "all" or n_jobs == 1:
    785                 # The iterable was consumed all at once by the above for loop.
    786                 # No need to wait for async callbacks to trigger to
    787                 # consumption.
    788                 self._iterating = False
--> 789             self.retrieve()
        self.retrieve = <bound method Parallel.retrieve of Parallel(n_jobs=2)>
    790             # Make sure that we get a last message telling us we are done
    791             elapsed_time = time.time() - self._start_time
    792             self._print('Done %3i out of %3i | elapsed: %s finished',
    793                         (len(self._output), len(self._output),

---------------------------------------------------------------------------
Sub-process traceback:
---------------------------------------------------------------------------
IndexError                                         Mon Apr 26 19:50:01 2021
PID: 43674           Python 2.7.6: /sw/comp/python/2.7.6_rackham/bin/python
...........................................................................
/sw/apps/bioinfo/quast/4.5.4/snowy/lib/python2.7/site-packages/joblib/parallel.py in __call__(self=<joblib.parallel.BatchedCalls object>)
    126     def __init__(self, iterator_slice):
    127         self.items = list(iterator_slice)
    128         self._size = len(self.items)
    129 
    130     def __call__(self):
--> 131         return [func(*args, **kwargs) for func, args, kwargs in self.items]
        func = <function parallel_correct_contigs>
        args = (1, '/home/tomasc/genome_analysis_2021/tomas_c_reposi...ata/dna_data/SRR4342133_1.paired.trimmed.fastq.gz', '/home/tomasc/genome_analysis_2021/analysis/metaquast/quast_corrected_input', ['final.contigs'])
        kwargs = {}
        self.items = [(<function parallel_correct_contigs>, (1, '/home/tomasc/genome_analysis_2021/tomas_c_reposi...ata/dna_data/SRR4342133_1.paired.trimmed.fastq.gz', '/home/tomasc/genome_analysis_2021/analysis/metaquast/quast_corrected_input', ['final.contigs']), {})]
    132 
    133     def __len__(self):
    134         return self._size
    135 

...........................................................................
/sw/apps/bioinfo/quast/4.5.4/snowy/lib/python2.7/site-packages/quast_libs/qutils.py in parallel_correct_contigs(file_counter=1, contigs_fpath='/home/tomasc/genome_analysis_2021/tomas_c_reposi...ata/dna_data/SRR4342133_1.paired.trimmed.fastq.gz', corrected_dirpath='/home/tomasc/genome_analysis_2021/analysis/metaquast/quast_corrected_input', labels=['final.contigs'])
    252 
    253 def parallel_correct_contigs(file_counter, contigs_fpath, corrected_dirpath, labels):
    254     contigs_fname = os.path.basename(contigs_fpath)
    255     fname, fasta_ext = splitext_for_fasta_file(contigs_fname)
    256 
--> 257     label = labels[file_counter]
        label = undefined
        labels = ['final.contigs']
        file_counter = 1
    258     logs = []
    259     corr_fpaths = []
    260     old_contigs_fpaths = []
    261     broken_scaffold_fpaths = []

IndexError: list index out of range
___________________________________________________________________________
Traceback (most recent call last):
  File "/sw/apps/bioinfo/quast/4.5.4/snowy/bin/metaquast.py", line 437, in <module>
    return_code = main(sys.argv[1:])
  File "/sw/apps/bioinfo/quast/4.5.4/snowy/bin/metaquast.py", line 299, in main
    assemblies, labels = correct_assemblies(contigs_fpaths, output_dirpath, labels)
  File "/sw/apps/bioinfo/quast/4.5.4/snowy/lib/python2.7/site-packages/quast_libs/metautils.py", line 111, in correct_assemblies
    corrected_contigs_fpaths, old_contigs_fpaths = qutils.correct_contigs(contigs_fpaths, corrected_dirpath, labels, reporting=None)
  File "/sw/apps/bioinfo/quast/4.5.4/snowy/lib/python2.7/site-packages/quast_libs/qutils.py", line 204, in correct_contigs
    corrected_dirpath, labels) for i, contigs_fpath in enumerate(contigs_fpaths))
  File "/sw/apps/bioinfo/quast/4.5.4/snowy/lib/python2.7/site-packages/joblib/parallel.py", line 789, in __call__
    self.retrieve()
  File "/sw/apps/bioinfo/quast/4.5.4/snowy/lib/python2.7/site-packages/joblib/parallel.py", line 740, in retrieve
    raise exception
JoblibIndexError: JoblibIndexError
___________________________________________________________________________
Multiprocessing exception:
...........................................................................
/sw/apps/bioinfo/quast/4.5.4/snowy/bin/metaquast.py in <module>()
    432     return logger.finish_up(numbers=tuple(total_num_notifications), check_test=test_mode)
    433 
    434 
    435 if __name__ == '__main__':
    436     try:
--> 437         return_code = main(sys.argv[1:])
    438         exit(return_code)
    439     except Exception:
    440         _, exc_value, _ = sys.exc_info()
    441         logger.exception(exc_value)

...........................................................................
/sw/apps/bioinfo/quast/4.5.4/snowy/bin/metaquast.py in main(args=['-t', '2', '/home/tomasc/genome_analysis_2021/analysis/final.contigs.fa', '-o', '/home/tomasc/genome_analysis_2021/analysis/metaquast', '-1', '/home/tomasc/genome_analysis_2021/tomas_c_reposi...ata/dna_data/SRR4342129_1.paired.trimmed.fastq.gz', '/home/tomasc/genome_analysis_2021/tomas_c_reposi...ata/dna_data/SRR4342133_1.paired.trimmed.fastq.gz', '-2', '/home/tomasc/genome_analysis_2021/tomas_c_reposi...ata/dna_data/SRR4342129_2.paired.trimmed.fastq.gz', '/home/tomasc/genome_analysis_2021/tomas_c_reposi...ata/dna_data/SRR4342133_2.paired.trimmed.fastq.gz'])
    294             logger.main_info('Filtered reference(s):')
    295             os.remove(combined_ref_fpath)
    296             contigs_analyzer.ref_labels_by_chromosomes = OrderedDict()
    297             corrected_ref_fpaths, combined_ref_fpath, chromosomes_by_refs, ref_names = \
    298                 correct_meta_references(corr_ref_fpaths, corrected_dirpath)
--> 299             assemblies, labels = correct_assemblies(contigs_fpaths, output_dirpath, labels)
        assemblies = [<quast_libs.metautils.Assembly instance>]
        labels = ['final.contigs']
        contigs_fpaths = ['/home/tomasc/genome_analysis_2021/analysis/final.contigs.fa', '/home/tomasc/genome_analysis_2021/tomas_c_reposi...ata/dna_data/SRR4342133_1.paired.trimmed.fastq.gz', '/home/tomasc/genome_analysis_2021/tomas_c_reposi...ata/dna_data/SRR4342133_2.paired.trimmed.fastq.gz']
        output_dirpath = '/home/tomasc/genome_analysis_2021/analysis/metaquast'
    300             run_name = 'for the corrected combined reference'
    301             logger.main_info()
    302             logger.main_info('Starting quast.py ' + run_name + '...')
    303             return_code, total_num_notifications = \

...........................................................................
/sw/apps/bioinfo/quast/4.5.4/snowy/lib/python2.7/site-packages/quast_libs/metautils.py in correct_assemblies(contigs_fpaths=['/home/tomasc/genome_analysis_2021/analysis/final.contigs.fa', '/home/tomasc/genome_analysis_2021/tomas_c_reposi...ata/dna_data/SRR4342133_1.paired.trimmed.fastq.gz', '/home/tomasc/genome_analysis_2021/tomas_c_reposi...ata/dna_data/SRR4342133_2.paired.trimmed.fastq.gz'], output_dirpath='/home/tomasc/genome_analysis_2021/analysis/metaquast', labels=['final.contigs'])
    106 def correct_assemblies(contigs_fpaths, output_dirpath, labels):
    107     corrected_dirpath = os.path.join(output_dirpath, qconfig.corrected_dirname)
    108     # we need correction but do not need min-contig filtration
    109     min_contig = qconfig.min_contig
    110     qconfig.min_contig = 0
--> 111     corrected_contigs_fpaths, old_contigs_fpaths = qutils.correct_contigs(contigs_fpaths, corrected_dirpath, labels, reporting=None)
        corrected_contigs_fpaths = undefined
        old_contigs_fpaths = undefined
        contigs_fpaths = ['/home/tomasc/genome_analysis_2021/analysis/final.contigs.fa', '/home/tomasc/genome_analysis_2021/tomas_c_reposi...ata/dna_data/SRR4342133_1.paired.trimmed.fastq.gz', '/home/tomasc/genome_analysis_2021/tomas_c_reposi...ata/dna_data/SRR4342133_2.paired.trimmed.fastq.gz']
        corrected_dirpath = '/home/tomasc/genome_analysis_2021/analysis/metaquast/quast_corrected_input'
        labels = ['final.contigs']
    112     qconfig.min_contig = min_contig
    113     assemblies = [Assembly(fpath, qutils.label_from_fpath(fpath)) for fpath in old_contigs_fpaths]
    114     corrected_labels = [asm.label for asm in assemblies]
    115 

...........................................................................
/sw/apps/bioinfo/quast/4.5.4/snowy/lib/python2.7/site-packages/quast_libs/qutils.py in correct_contigs(contigs_fpaths=['/home/tomasc/genome_analysis_2021/analysis/final.contigs.fa', '/home/tomasc/genome_analysis_2021/tomas_c_reposi...ata/dna_data/SRR4342133_1.paired.trimmed.fastq.gz', '/home/tomasc/genome_analysis_2021/tomas_c_reposi...ata/dna_data/SRR4342133_2.paired.trimmed.fastq.gz'], corrected_dirpath='/home/tomasc/genome_analysis_2021/analysis/metaquast/quast_corrected_input', labels=['final.contigs'], reporting=None)
    199     else:
    200         from joblib3 import Parallel, delayed
    201     logger.main_info('  Pre-processing...')
    202     if not qconfig.memory_efficient:
    203         corrected_info = Parallel(n_jobs=n_jobs)(delayed(parallel_correct_contigs)(i, contigs_fpath,
--> 204                 corrected_dirpath, labels) for i, contigs_fpath in enumerate(contigs_fpaths))
        corrected_dirpath = '/home/tomasc/genome_analysis_2021/analysis/metaquast/quast_corrected_input'
        labels = ['final.contigs']
        i = undefined
        contigs_fpath = undefined
        contigs_fpaths = ['/home/tomasc/genome_analysis_2021/analysis/final.contigs.fa', '/home/tomasc/genome_analysis_2021/tomas_c_reposi...ata/dna_data/SRR4342133_1.paired.trimmed.fastq.gz', '/home/tomasc/genome_analysis_2021/tomas_c_reposi...ata/dna_data/SRR4342133_2.paired.trimmed.fastq.gz']
    205     else:
    206         corrected_info = [parallel_correct_contigs(i, contigs_fpath, corrected_dirpath, labels)
    207                           for i, contigs_fpath in enumerate(contigs_fpaths)]
    208 

...........................................................................
/sw/apps/bioinfo/quast/4.5.4/snowy/lib/python2.7/site-packages/joblib/parallel.py in __call__(self=Parallel(n_jobs=2), iterable=<generator object <genexpr>>)
    784             if pre_dispatch == "all" or n_jobs == 1:
    785                 # The iterable was consumed all at once by the above for loop.
    786                 # No need to wait for async callbacks to trigger to
    787                 # consumption.
    788                 self._iterating = False
--> 789             self.retrieve()
        self.retrieve = <bound method Parallel.retrieve of Parallel(n_jobs=2)>
    790             # Make sure that we get a last message telling us we are done
    791             elapsed_time = time.time() - self._start_time
    792             self._print('Done %3i out of %3i | elapsed: %s finished',
    793                         (len(self._output), len(self._output),

---------------------------------------------------------------------------
Sub-process traceback:
---------------------------------------------------------------------------
IndexError                                         Mon Apr 26 19:50:01 2021
PID: 43674           Python 2.7.6: /sw/comp/python/2.7.6_rackham/bin/python
...........................................................................
/sw/apps/bioinfo/quast/4.5.4/snowy/lib/python2.7/site-packages/joblib/parallel.py in __call__(self=<joblib.parallel.BatchedCalls object>)
    126     def __init__(self, iterator_slice):
    127         self.items = list(iterator_slice)
    128         self._size = len(self.items)
    129 
    130     def __call__(self):
--> 131         return [func(*args, **kwargs) for func, args, kwargs in self.items]
        func = <function parallel_correct_contigs>
        args = (1, '/home/tomasc/genome_analysis_2021/tomas_c_reposi...ata/dna_data/SRR4342133_1.paired.trimmed.fastq.gz', '/home/tomasc/genome_analysis_2021/analysis/metaquast/quast_corrected_input', ['final.contigs'])
        kwargs = {}
        self.items = [(<function parallel_correct_contigs>, (1, '/home/tomasc/genome_analysis_2021/tomas_c_reposi...ata/dna_data/SRR4342133_1.paired.trimmed.fastq.gz', '/home/tomasc/genome_analysis_2021/analysis/metaquast/quast_corrected_input', ['final.contigs']), {})]
    132 
    133     def __len__(self):
    134         return self._size
    135 

...........................................................................
/sw/apps/bioinfo/quast/4.5.4/snowy/lib/python2.7/site-packages/quast_libs/qutils.py in parallel_correct_contigs(file_counter=1, contigs_fpath='/home/tomasc/genome_analysis_2021/tomas_c_reposi...ata/dna_data/SRR4342133_1.paired.trimmed.fastq.gz', corrected_dirpath='/home/tomasc/genome_analysis_2021/analysis/metaquast/quast_corrected_input', labels=['final.contigs'])
    252 
    253 def parallel_correct_contigs(file_counter, contigs_fpath, corrected_dirpath, labels):
    254     contigs_fname = os.path.basename(contigs_fpath)
    255     fname, fasta_ext = splitext_for_fasta_file(contigs_fname)
    256 
--> 257     label = labels[file_counter]
        label = undefined
        labels = ['final.contigs']
        file_counter = 1
    258     logs = []
    259     corr_fpaths = []
    260     old_contigs_fpaths = []
    261     broken_scaffold_fpaths = []

IndexError: list index out of range
___________________________________________________________________________
ERROR! exception caught!

In case you have troubles running QUAST, you can write to quast.support@bioinf.spbau.ru
Please provide us with quast.log file from the output directory.
