ln: target '/home/tomasc/genome_analysis_2021/analysis/outdir/data/' is not a directory: No such file or directory
Extracting data/ppa.seeds.faa ... Done!
Extracting data/ppafull.aln.faa ... Done!
Extracting data/ppafull.xml ... Done!
Extracting data/ppafull.up2prots.txt ... Done!
Extracting data/ppafull.orgs2prots.txt ... Done!
Extracting data/ppaalns/ppa.aln.tar.bz2 ... Done!
Generating data/ppa.wdb (usearch indexed DB)... Done!
Looking for PhyloPhlAn proteins in input faa files
Starting data/metagenome/binning_11.b6o...
Starting data/metagenome/binning_15.b6o...

WARNING: 1 short sequences (--minlen 32, shortest 29) discarded from input/metagenome/binning_15.faa

data/metagenome/binning_15.b6o generated!
Starting data/metagenome/binning_16.b6o...
data/metagenome/binning_11.b6o generated!
Starting data/metagenome/binning_12.b6o...

WARNING: Invalid FASTA file 'input/metagenome/binning_16.faa', non-letter '*' in sequence >NBIPPJMI_01154 hypothetical protein


WARNING: 3 short sequences (--minlen 32, shortest 29) discarded from input/metagenome/binning_16.faa

data/metagenome/binning_16.b6o generated!
Starting data/metagenome/binning_18.b6o...

WARNING: 4 short sequences (--minlen 32, shortest 30) discarded from input/metagenome/binning_12.faa

data/metagenome/binning_12.b6o generated!
Starting data/metagenome/binning_20.b6o...
data/metagenome/binning_18.b6o generated!
Starting data/metagenome/binning_2.b6o...

WARNING: Invalid FASTA file 'input/metagenome/binning_2.faa', non-letter '*' in sequence >AGHAALMF_00060 hypothetical protein


WARNING: 2 short sequences (--minlen 32, shortest 29) discarded from input/metagenome/binning_20.faa

data/metagenome/binning_20.b6o generated!
Starting data/metagenome/binning_23.b6o...
data/metagenome/binning_2.b6o generated!
Starting data/metagenome/binning_25.b6o...

WARNING: 2 short sequences (--minlen 32, shortest 30) discarded from input/metagenome/binning_23.faa

data/metagenome/binning_23.b6o generated!
Starting data/metagenome/binning_3.b6o...

WARNING: 2 short sequences (--minlen 32, shortest 30) discarded from input/metagenome/binning_25.faa

data/metagenome/binning_25.b6o generated!
Starting data/metagenome/binning_26.b6o...

WARNING: Invalid FASTA file 'input/metagenome/binning_3.faa', non-letter '*' in sequence >KGALEBIO_01311 hypothetical protein


WARNING: 2 short sequences (--minlen 32, shortest 29) discarded from input/metagenome/binning_3.faa

data/metagenome/binning_3.b6o generated!
Starting data/metagenome/binning_5.b6o...

WARNING: Invalid FASTA file 'input/metagenome/binning_5.faa', non-letter '*' in sequence >HJGIKBAE_00100 hypothetical protein


WARNING: 2 short sequences (--minlen 32, shortest 29) discarded from input/metagenome/binning_5.faa

data/metagenome/binning_5.b6o generated!
Starting data/metagenome/binning_8.b6o...

WARNING: 5 short sequences (--minlen 32, shortest 29) discarded from input/metagenome/binning_26.faa

data/metagenome/binning_26.b6o generated!
data/metagenome/binning_8.b6o generated!
All usearch runs performed!
Mapping finished in 71 secs.

Looking for PhyloPhlAn proteins to align
395 alignments to be performed
Running muscle on data/metagenome/p0000.faa...
Running muscle on data/metagenome/p0050.faa...
data/metagenome/p0050.sub.aln generated (from data/metagenome/p0050.faa)!
Running muscle on data/metagenome/p0051.faa...
data/metagenome/p0051.sub.aln generated (from data/metagenome/p0051.faa)!
Running muscle on data/metagenome/p0052.faa...
data/metagenome/p0052.sub.aln generated (from data/metagenome/p0052.faa)!
Running muscle on data/metagenome/p0053.faa...
data/metagenome/p0000.sub.aln generated (from data/metagenome/p0000.faa)!
Running muscle on data/metagenome/p0001.faa...
data/metagenome/p0001.sub.aln generated (from data/metagenome/p0001.faa)!
Running muscle on data/metagenome/p0002.faa...
data/metagenome/p0053.sub.aln generated (from data/metagenome/p0053.faa)!
Running muscle on data/metagenome/p0054.faa...
data/metagenome/p0054.sub.aln generated (from data/metagenome/p0054.faa)!
Running muscle on data/metagenome/p0055.faa...
data/metagenome/p0002.sub.aln generated (from data/metagenome/p0002.faa)!
Running muscle on data/metagenome/p0003.faa...
data/metagenome/p0055.sub.aln generated (from data/metagenome/p0055.faa)!
Running muscle on data/metagenome/p0056.faa...
data/metagenome/p0056.sub.aln generated (from data/metagenome/p0056.faa)!
Running muscle on data/metagenome/p0057.faa...
data/metagenome/p0057.sub.aln generated (from data/metagenome/p0057.faa)!
Running muscle on data/metagenome/p0058.faa...
data/metagenome/p0058.sub.aln generated (from data/metagenome/p0058.faa)!
Running muscle on data/metagenome/p0059.faa...
data/metagenome/p0059.sub.aln generated (from data/metagenome/p0059.faa)!
Running muscle on data/metagenome/p0060.faa...
data/metagenome/p0060.sub.aln generated (from data/metagenome/p0060.faa)!
Running muscle on data/metagenome/p0061.faa...
data/metagenome/p0003.sub.aln generated (from data/metagenome/p0003.faa)!
Running muscle on data/metagenome/p0004.faa...
data/metagenome/p0061.sub.aln generated (from data/metagenome/p0061.faa)!
Running muscle on data/metagenome/p0062.faa...
data/metagenome/p0004.sub.aln generated (from data/metagenome/p0004.faa)!
Running muscle on data/metagenome/p0005.faa...
data/metagenome/p0062.sub.aln generated (from data/metagenome/p0062.faa)!
Running muscle on data/metagenome/p0063.faa...
data/metagenome/p0063.sub.aln generated (from data/metagenome/p0063.faa)!
Running muscle on data/metagenome/p0064.faa...
data/metagenome/p0005.sub.aln generated (from data/metagenome/p0005.faa)!
Running muscle on data/metagenome/p0006.faa...
data/metagenome/p0064.sub.aln generated (from data/metagenome/p0064.faa)!
Running muscle on data/metagenome/p0065.faa...
data/metagenome/p0006.sub.aln generated (from data/metagenome/p0006.faa)!
Running muscle on data/metagenome/p0007.faa...
data/metagenome/p0065.sub.aln generated (from data/metagenome/p0065.faa)!
Running muscle on data/metagenome/p0066.faa...
data/metagenome/p0007.sub.aln generated (from data/metagenome/p0007.faa)!
Running muscle on data/metagenome/p0008.faa...
data/metagenome/p0066.sub.aln generated (from data/metagenome/p0066.faa)!
Running muscle on data/metagenome/p0067.faa...
data/metagenome/p0067.sub.aln generated (from data/metagenome/p0067.faa)!
Running muscle on data/metagenome/p0068.faa...
data/metagenome/p0008.sub.aln generated (from data/metagenome/p0008.faa)!
Running muscle on data/metagenome/p0009.faa...
data/metagenome/p0009.sub.aln generated (from data/metagenome/p0009.faa)!
Running muscle on data/metagenome/p0010.faa...
data/metagenome/p0068.sub.aln generated (from data/metagenome/p0068.faa)!
Running muscle on data/metagenome/p0069.faa...
data/metagenome/p0069.sub.aln generated (from data/metagenome/p0069.faa)!
Running muscle on data/metagenome/p0070.faa...
data/metagenome/p0070.sub.aln generated (from data/metagenome/p0070.faa)!
Running muscle on data/metagenome/p0071.faa...
data/metagenome/p0071.sub.aln generated (from data/metagenome/p0071.faa)!
Running muscle on data/metagenome/p0072.faa...
data/metagenome/p0010.sub.aln generated (from data/metagenome/p0010.faa)!
Running muscle on data/metagenome/p0011.faa...
data/metagenome/p0072.sub.aln generated (from data/metagenome/p0072.faa)!
Running muscle on data/metagenome/p0073.faa...
data/metagenome/p0073.sub.aln generated (from data/metagenome/p0073.faa)!
Running muscle on data/metagenome/p0074.faa...
data/metagenome/p0011.sub.aln generated (from data/metagenome/p0011.faa)!
Running muscle on data/metagenome/p0012.faa...
data/metagenome/p0074.sub.aln generated (from data/metagenome/p0074.faa)!
Running muscle on data/metagenome/p0075.faa...
data/metagenome/p0012.sub.aln generated (from data/metagenome/p0012.faa)!
Running muscle on data/metagenome/p0013.faa...
data/metagenome/p0075.sub.aln generated (from data/metagenome/p0075.faa)!
Running muscle on data/metagenome/p0076.faa...
data/metagenome/p0013.sub.aln generated (from data/metagenome/p0013.faa)!
Running muscle on data/metagenome/p0014.faa...
data/metagenome/p0076.sub.aln generated (from data/metagenome/p0076.faa)!
Running muscle on data/metagenome/p0077.faa...
data/metagenome/p0014.sub.aln generated (from data/metagenome/p0014.faa)!
Running muscle on data/metagenome/p0015.faa...
data/metagenome/p0077.sub.aln generated (from data/metagenome/p0077.faa)!
Running muscle on data/metagenome/p0078.faa...
data/metagenome/p0078.sub.aln generated (from data/metagenome/p0078.faa)!
Running muscle on data/metagenome/p0079.faa...
data/metagenome/p0015.sub.aln generated (from data/metagenome/p0015.faa)!
Running muscle on data/metagenome/p0016.faa...
data/metagenome/p0079.sub.aln generated (from data/metagenome/p0079.faa)!
Running muscle on data/metagenome/p0080.faa...
data/metagenome/p0080.sub.aln generated (from data/metagenome/p0080.faa)!
Running muscle on data/metagenome/p0081.faa...
data/metagenome/p0081.sub.aln generated (from data/metagenome/p0081.faa)!
Running muscle on data/metagenome/p0082.faa...
data/metagenome/p0016.sub.aln generated (from data/metagenome/p0016.faa)!
Running muscle on data/metagenome/p0017.faa...
data/metagenome/p0082.sub.aln generated (from data/metagenome/p0082.faa)!
Running muscle on data/metagenome/p0083.faa...
data/metagenome/p0083.sub.aln generated (from data/metagenome/p0083.faa)!
Running muscle on data/metagenome/p0084.faa...
data/metagenome/p0017.sub.aln generated (from data/metagenome/p0017.faa)!
Running muscle on data/metagenome/p0018.faa...
data/metagenome/p0084.sub.aln generated (from data/metagenome/p0084.faa)!
Running muscle on data/metagenome/p0085.faa...
data/metagenome/p0018.sub.aln generated (from data/metagenome/p0018.faa)!
Running muscle on data/metagenome/p0019.faa...
data/metagenome/p0085.sub.aln generated (from data/metagenome/p0085.faa)!
Running muscle on data/metagenome/p0086.faa...
data/metagenome/p0086.sub.aln generated (from data/metagenome/p0086.faa)!
Running muscle on data/metagenome/p0087.faa...
data/metagenome/p0087.sub.aln generated (from data/metagenome/p0087.faa)!
Running muscle on data/metagenome/p0088.faa...
data/metagenome/p0088.sub.aln generated (from data/metagenome/p0088.faa)!
Running muscle on data/metagenome/p0089.faa...
data/metagenome/p0089.sub.aln generated (from data/metagenome/p0089.faa)!
Running muscle on data/metagenome/p0090.faa...
data/metagenome/p0090.sub.aln generated (from data/metagenome/p0090.faa)!
Running muscle on data/metagenome/p0091.faa...
data/metagenome/p0019.sub.aln generated (from data/metagenome/p0019.faa)!
Running muscle on data/metagenome/p0020.faa...
data/metagenome/p0091.sub.aln generated (from data/metagenome/p0091.faa)!
Running muscle on data/metagenome/p0092.faa...
data/metagenome/p0092.sub.aln generated (from data/metagenome/p0092.faa)!
Running muscle on data/metagenome/p0093.faa...
data/metagenome/p0020.sub.aln generated (from data/metagenome/p0020.faa)!
Running muscle on data/metagenome/p0021.faa...
data/metagenome/p0093.sub.aln generated (from data/metagenome/p0093.faa)!
Running muscle on data/metagenome/p0094.faa...
data/metagenome/p0094.sub.aln generated (from data/metagenome/p0094.faa)!
Running muscle on data/metagenome/p0095.faa...
data/metagenome/p0021.sub.aln generated (from data/metagenome/p0021.faa)!
Running muscle on data/metagenome/p0022.faa...
data/metagenome/p0095.sub.aln generated (from data/metagenome/p0095.faa)!
Running muscle on data/metagenome/p0096.faa...
data/metagenome/p0022.sub.aln generated (from data/metagenome/p0022.faa)!
Running muscle on data/metagenome/p0023.faa...
data/metagenome/p0096.sub.aln generated (from data/metagenome/p0096.faa)!
Running muscle on data/metagenome/p0097.faa...
data/metagenome/p0097.sub.aln generated (from data/metagenome/p0097.faa)!
Running muscle on data/metagenome/p0098.faa...
data/metagenome/p0023.sub.aln generated (from data/metagenome/p0023.faa)!
Running muscle on data/metagenome/p0024.faa...
data/metagenome/p0024.sub.aln generated (from data/metagenome/p0024.faa)!
Running muscle on data/metagenome/p0025.faa...
data/metagenome/p0098.sub.aln generated (from data/metagenome/p0098.faa)!
Running muscle on data/metagenome/p0099.faa...
data/metagenome/p0099.sub.aln generated (from data/metagenome/p0099.faa)!
Running muscle on data/metagenome/p0100.faa...
data/metagenome/p0025.sub.aln generated (from data/metagenome/p0025.faa)!
Running muscle on data/metagenome/p0026.faa...
data/metagenome/p0026.sub.aln generated (from data/metagenome/p0026.faa)!
Running muscle on data/metagenome/p0027.faa...
data/metagenome/p0100.sub.aln generated (from data/metagenome/p0100.faa)!
Running muscle on data/metagenome/p0101.faa...
data/metagenome/p0101.sub.aln generated (from data/metagenome/p0101.faa)!
Running muscle on data/metagenome/p0102.faa...
data/metagenome/p0102.sub.aln generated (from data/metagenome/p0102.faa)!
Running muscle on data/metagenome/p0103.faa...
data/metagenome/p0103.sub.aln generated (from data/metagenome/p0103.faa)!
Running muscle on data/metagenome/p0104.faa...
data/metagenome/p0027.sub.aln generated (from data/metagenome/p0027.faa)!
Running muscle on data/metagenome/p0028.faa...
data/metagenome/p0104.sub.aln generated (from data/metagenome/p0104.faa)!
Running muscle on data/metagenome/p0105.faa...
data/metagenome/p0105.sub.aln generated (from data/metagenome/p0105.faa)!
Running muscle on data/metagenome/p0106.faa...
data/metagenome/p0028.sub.aln generated (from data/metagenome/p0028.faa)!
Running muscle on data/metagenome/p0029.faa...
data/metagenome/p0106.sub.aln generated (from data/metagenome/p0106.faa)!
Running muscle on data/metagenome/p0107.faa...
data/metagenome/p0107.sub.aln generated (from data/metagenome/p0107.faa)!
Running muscle on data/metagenome/p0108.faa...
data/metagenome/p0029.sub.aln generated (from data/metagenome/p0029.faa)!
Running muscle on data/metagenome/p0030.faa...
data/metagenome/p0108.sub.aln generated (from data/metagenome/p0108.faa)!
Running muscle on data/metagenome/p0109.faa...
data/metagenome/p0109.sub.aln generated (from data/metagenome/p0109.faa)!
Running muscle on data/metagenome/p0110.faa...
data/metagenome/p0110.sub.aln generated (from data/metagenome/p0110.faa)!
Running muscle on data/metagenome/p0111.faa...
data/metagenome/p0030.sub.aln generated (from data/metagenome/p0030.faa)!
Running muscle on data/metagenome/p0031.faa...
data/metagenome/p0111.sub.aln generated (from data/metagenome/p0111.faa)!
Running muscle on data/metagenome/p0112.faa...
data/metagenome/p0112.sub.aln generated (from data/metagenome/p0112.faa)!
Running muscle on data/metagenome/p0113.faa...
data/metagenome/p0031.sub.aln generated (from data/metagenome/p0031.faa)!
Running muscle on data/metagenome/p0032.faa...
data/metagenome/p0113.sub.aln generated (from data/metagenome/p0113.faa)!
Running muscle on data/metagenome/p0114.faa...
data/metagenome/p0114.sub.aln generated (from data/metagenome/p0114.faa)!
Running muscle on data/metagenome/p0115.faa...
data/metagenome/p0115.sub.aln generated (from data/metagenome/p0115.faa)!
Running muscle on data/metagenome/p0116.faa...
data/metagenome/p0032.sub.aln generated (from data/metagenome/p0032.faa)!
Running muscle on data/metagenome/p0033.faa...
data/metagenome/p0116.sub.aln generated (from data/metagenome/p0116.faa)!
Running muscle on data/metagenome/p0117.faa...
data/metagenome/p0033.sub.aln generated (from data/metagenome/p0033.faa)!
Running muscle on data/metagenome/p0034.faa...
data/metagenome/p0117.sub.aln generated (from data/metagenome/p0117.faa)!
Running muscle on data/metagenome/p0118.faa...
data/metagenome/p0034.sub.aln generated (from data/metagenome/p0034.faa)!
Running muscle on data/metagenome/p0035.faa...
data/metagenome/p0118.sub.aln generated (from data/metagenome/p0118.faa)!
Running muscle on data/metagenome/p0119.faa...
data/metagenome/p0119.sub.aln generated (from data/metagenome/p0119.faa)!
Running muscle on data/metagenome/p0120.faa...
data/metagenome/p0035.sub.aln generated (from data/metagenome/p0035.faa)!
Running muscle on data/metagenome/p0036.faa...
data/metagenome/p0120.sub.aln generated (from data/metagenome/p0120.faa)!
Running muscle on data/metagenome/p0121.faa...
data/metagenome/p0121.sub.aln generated (from data/metagenome/p0121.faa)!
Running muscle on data/metagenome/p0122.faa...
data/metagenome/p0122.sub.aln generated (from data/metagenome/p0122.faa)!
Running muscle on data/metagenome/p0123.faa...
data/metagenome/p0123.sub.aln generated (from data/metagenome/p0123.faa)!
Running muscle on data/metagenome/p0124.faa...
data/metagenome/p0124.sub.aln generated (from data/metagenome/p0124.faa)!
Running muscle on data/metagenome/p0125.faa...
data/metagenome/p0125.sub.aln generated (from data/metagenome/p0125.faa)!
Running muscle on data/metagenome/p0126.faa...
data/metagenome/p0036.sub.aln generated (from data/metagenome/p0036.faa)!
Running muscle on data/metagenome/p0037.faa...
data/metagenome/p0126.sub.aln generated (from data/metagenome/p0126.faa)!
Running muscle on data/metagenome/p0127.faa...
data/metagenome/p0037.sub.aln generated (from data/metagenome/p0037.faa)!
Running muscle on data/metagenome/p0038.faa...
data/metagenome/p0038.sub.aln generated (from data/metagenome/p0038.faa)!
Running muscle on data/metagenome/p0039.faa...
data/metagenome/p0127.sub.aln generated (from data/metagenome/p0127.faa)!
Running muscle on data/metagenome/p0128.faa...
data/metagenome/p0039.sub.aln generated (from data/metagenome/p0039.faa)!
Running muscle on data/metagenome/p0040.faa...
data/metagenome/p0128.sub.aln generated (from data/metagenome/p0128.faa)!
Running muscle on data/metagenome/p0129.faa...
data/metagenome/p0129.sub.aln generated (from data/metagenome/p0129.faa)!
Running muscle on data/metagenome/p0130.faa...
data/metagenome/p0130.sub.aln generated (from data/metagenome/p0130.faa)!
Running muscle on data/metagenome/p0131.faa...
data/metagenome/p0131.sub.aln generated (from data/metagenome/p0131.faa)!
Running muscle on data/metagenome/p0132.faa...
data/metagenome/p0132.sub.aln generated (from data/metagenome/p0132.faa)!
Running muscle on data/metagenome/p0133.faa...
data/metagenome/p0133.sub.aln generated (from data/metagenome/p0133.faa)!
Running muscle on data/metagenome/p0134.faa...
data/metagenome/p0134.sub.aln generated (from data/metagenome/p0134.faa)!
Running muscle on data/metagenome/p0135.faa...
data/metagenome/p0135.sub.aln generated (from data/metagenome/p0135.faa)!
Running muscle on data/metagenome/p0136.faa...
data/metagenome/p0136.sub.aln generated (from data/metagenome/p0136.faa)!
Running muscle on data/metagenome/p0137.faa...
data/metagenome/p0040.sub.aln generated (from data/metagenome/p0040.faa)!
Running muscle on data/metagenome/p0041.faa...
data/metagenome/p0137.sub.aln generated (from data/metagenome/p0137.faa)!
Running muscle on data/metagenome/p0138.faa...
data/metagenome/p0041.sub.aln generated (from data/metagenome/p0041.faa)!
Running muscle on data/metagenome/p0042.faa...
data/metagenome/p0138.sub.aln generated (from data/metagenome/p0138.faa)!
Running muscle on data/metagenome/p0139.faa...
data/metagenome/p0139.sub.aln generated (from data/metagenome/p0139.faa)!
Running muscle on data/metagenome/p0140.faa...
data/metagenome/p0140.sub.aln generated (from data/metagenome/p0140.faa)!
Running muscle on data/metagenome/p0141.faa...
data/metagenome/p0141.sub.aln generated (from data/metagenome/p0141.faa)!
Running muscle on data/metagenome/p0142.faa...
data/metagenome/p0042.sub.aln generated (from data/metagenome/p0042.faa)!
Running muscle on data/metagenome/p0043.faa...
data/metagenome/p0142.sub.aln generated (from data/metagenome/p0142.faa)!
Running muscle on data/metagenome/p0143.faa...
data/metagenome/p0043.sub.aln generated (from data/metagenome/p0043.faa)!
Running muscle on data/metagenome/p0044.faa...
data/metagenome/p0143.sub.aln generated (from data/metagenome/p0143.faa)!
Running muscle on data/metagenome/p0144.faa...
data/metagenome/p0044.sub.aln generated (from data/metagenome/p0044.faa)!
Running muscle on data/metagenome/p0045.faa...
data/metagenome/p0144.sub.aln generated (from data/metagenome/p0144.faa)!
Running muscle on data/metagenome/p0145.faa...
data/metagenome/p0145.sub.aln generated (from data/metagenome/p0145.faa)!
Running muscle on data/metagenome/p0146.faa...
data/metagenome/p0045.sub.aln generated (from data/metagenome/p0045.faa)!
Running muscle on data/metagenome/p0046.faa...
data/metagenome/p0146.sub.aln generated (from data/metagenome/p0146.faa)!
Running muscle on data/metagenome/p0147.faa...
data/metagenome/p0046.sub.aln generated (from data/metagenome/p0046.faa)!
Running muscle on data/metagenome/p0047.faa...
data/metagenome/p0147.sub.aln generated (from data/metagenome/p0147.faa)!
Running muscle on data/metagenome/p0148.faa...
data/metagenome/p0047.sub.aln generated (from data/metagenome/p0047.faa)!
Running muscle on data/metagenome/p0048.faa...
data/metagenome/p0148.sub.aln generated (from data/metagenome/p0148.faa)!
Running muscle on data/metagenome/p0149.faa...
data/metagenome/p0048.sub.aln generated (from data/metagenome/p0048.faa)!
Running muscle on data/metagenome/p0049.faa...
data/metagenome/p0149.sub.aln generated (from data/metagenome/p0149.faa)!
Running muscle on data/metagenome/p0150.faa...
data/metagenome/p0049.sub.aln generated (from data/metagenome/p0049.faa)!
Running muscle on data/metagenome/p0200.faa...
data/metagenome/p0200.sub.aln generated (from data/metagenome/p0200.faa)!
Running muscle on data/metagenome/p0201.faa...
data/metagenome/p0201.sub.aln generated (from data/metagenome/p0201.faa)!
Running muscle on data/metagenome/p0202.faa...
data/metagenome/p0202.sub.aln generated (from data/metagenome/p0202.faa)!
Running muscle on data/metagenome/p0203.faa...
data/metagenome/p0203.sub.aln generated (from data/metagenome/p0203.faa)!
Running muscle on data/metagenome/p0204.faa...
data/metagenome/p0150.sub.aln generated (from data/metagenome/p0150.faa)!
Running muscle on data/metagenome/p0151.faa...
data/metagenome/p0151.sub.aln generated (from data/metagenome/p0151.faa)!
Running muscle on data/metagenome/p0152.faa...
data/metagenome/p0152.sub.aln generated (from data/metagenome/p0152.faa)!
Running muscle on data/metagenome/p0153.faa...
data/metagenome/p0153.sub.aln generated (from data/metagenome/p0153.faa)!
Running muscle on data/metagenome/p0154.faa...
data/metagenome/p0154.sub.aln generated (from data/metagenome/p0154.faa)!
Running muscle on data/metagenome/p0155.faa...
data/metagenome/p0155.sub.aln generated (from data/metagenome/p0155.faa)!
Running muscle on data/metagenome/p0156.faa...
data/metagenome/p0156.sub.aln generated (from data/metagenome/p0156.faa)!
Running muscle on data/metagenome/p0157.faa...
data/metagenome/p0204.sub.aln generated (from data/metagenome/p0204.faa)!
Running muscle on data/metagenome/p0205.faa...
data/metagenome/p0157.sub.aln generated (from data/metagenome/p0157.faa)!
Running muscle on data/metagenome/p0158.faa...
data/metagenome/p0205.sub.aln generated (from data/metagenome/p0205.faa)!
Running muscle on data/metagenome/p0206.faa...
data/metagenome/p0158.sub.aln generated (from data/metagenome/p0158.faa)!
Running muscle on data/metagenome/p0159.faa...
data/metagenome/p0206.sub.aln generated (from data/metagenome/p0206.faa)!
Running muscle on data/metagenome/p0207.faa...
data/metagenome/p0207.sub.aln generated (from data/metagenome/p0207.faa)!
Running muscle on data/metagenome/p0208.faa...
data/metagenome/p0208.sub.aln generated (from data/metagenome/p0208.faa)!
Running muscle on data/metagenome/p0209.faa...
data/metagenome/p0209.sub.aln generated (from data/metagenome/p0209.faa)!
Running muscle on data/metagenome/p0210.faa...
data/metagenome/p0210.sub.aln generated (from data/metagenome/p0210.faa)!
Running muscle on data/metagenome/p0211.faa...
data/metagenome/p0159.sub.aln generated (from data/metagenome/p0159.faa)!
Running muscle on data/metagenome/p0160.faa...
data/metagenome/p0211.sub.aln generated (from data/metagenome/p0211.faa)!
Running muscle on data/metagenome/p0212.faa...
data/metagenome/p0160.sub.aln generated (from data/metagenome/p0160.faa)!
Running muscle on data/metagenome/p0161.faa...
data/metagenome/p0161.sub.aln generated (from data/metagenome/p0161.faa)!
Running muscle on data/metagenome/p0162.faa...
data/metagenome/p0162.sub.aln generated (from data/metagenome/p0162.faa)!
Running muscle on data/metagenome/p0163.faa...
data/metagenome/p0163.sub.aln generated (from data/metagenome/p0163.faa)!
Running muscle on data/metagenome/p0164.faa...
data/metagenome/p0212.sub.aln generated (from data/metagenome/p0212.faa)!
Running muscle on data/metagenome/p0213.faa...
data/metagenome/p0213.sub.aln generated (from data/metagenome/p0213.faa)!
Running muscle on data/metagenome/p0214.faa...
data/metagenome/p0164.sub.aln generated (from data/metagenome/p0164.faa)!
Running muscle on data/metagenome/p0165.faa...
data/metagenome/p0214.sub.aln generated (from data/metagenome/p0214.faa)!
Running muscle on data/metagenome/p0215.faa...
data/metagenome/p0165.sub.aln generated (from data/metagenome/p0165.faa)!
Running muscle on data/metagenome/p0166.faa...
data/metagenome/p0215.sub.aln generated (from data/metagenome/p0215.faa)!
Running muscle on data/metagenome/p0216.faa...
data/metagenome/p0166.sub.aln generated (from data/metagenome/p0166.faa)!
Running muscle on data/metagenome/p0167.faa...
data/metagenome/p0167.sub.aln generated (from data/metagenome/p0167.faa)!
Running muscle on data/metagenome/p0168.faa...
data/metagenome/p0168.sub.aln generated (from data/metagenome/p0168.faa)!
Running muscle on data/metagenome/p0169.faa...
data/metagenome/p0169.sub.aln generated (from data/metagenome/p0169.faa)!
Running muscle on data/metagenome/p0170.faa...
data/metagenome/p0170.sub.aln generated (from data/metagenome/p0170.faa)!
Running muscle on data/metagenome/p0171.faa...
data/metagenome/p0171.sub.aln generated (from data/metagenome/p0171.faa)!
Running muscle on data/metagenome/p0172.faa...
data/metagenome/p0216.sub.aln generated (from data/metagenome/p0216.faa)!
Running muscle on data/metagenome/p0217.faa...
data/metagenome/p0217.sub.aln generated (from data/metagenome/p0217.faa)!
Running muscle on data/metagenome/p0218.faa...
data/metagenome/p0172.sub.aln generated (from data/metagenome/p0172.faa)!
Running muscle on data/metagenome/p0173.faa...
data/metagenome/p0173.sub.aln generated (from data/metagenome/p0173.faa)!
Running muscle on data/metagenome/p0174.faa...
data/metagenome/p0218.sub.aln generated (from data/metagenome/p0218.faa)!
Running muscle on data/metagenome/p0219.faa...
data/metagenome/p0174.sub.aln generated (from data/metagenome/p0174.faa)!
Running muscle on data/metagenome/p0175.faa...
data/metagenome/p0219.sub.aln generated (from data/metagenome/p0219.faa)!
Running muscle on data/metagenome/p0220.faa...
data/metagenome/p0175.sub.aln generated (from data/metagenome/p0175.faa)!
Running muscle on data/metagenome/p0176.faa...
data/metagenome/p0176.sub.aln generated (from data/metagenome/p0176.faa)!
Running muscle on data/metagenome/p0177.faa...
data/metagenome/p0177.sub.aln generated (from data/metagenome/p0177.faa)!
Running muscle on data/metagenome/p0178.faa...
data/metagenome/p0178.sub.aln generated (from data/metagenome/p0178.faa)!
Running muscle on data/metagenome/p0179.faa...
data/metagenome/p0179.sub.aln generated (from data/metagenome/p0179.faa)!
Running muscle on data/metagenome/p0180.faa...
data/metagenome/p0220.sub.aln generated (from data/metagenome/p0220.faa)!
Running muscle on data/metagenome/p0221.faa...
data/metagenome/p0221.sub.aln generated (from data/metagenome/p0221.faa)!
Running muscle on data/metagenome/p0222.faa...
data/metagenome/p0180.sub.aln generated (from data/metagenome/p0180.faa)!
Running muscle on data/metagenome/p0181.faa...
data/metagenome/p0181.sub.aln generated (from data/metagenome/p0181.faa)!
Running muscle on data/metagenome/p0182.faa...
data/metagenome/p0222.sub.aln generated (from data/metagenome/p0222.faa)!
Running muscle on data/metagenome/p0223.faa...
data/metagenome/p0223.sub.aln generated (from data/metagenome/p0223.faa)!
Running muscle on data/metagenome/p0224.faa...
data/metagenome/p0224.sub.aln generated (from data/metagenome/p0224.faa)!
Running muscle on data/metagenome/p0225.faa...
data/metagenome/p0225.sub.aln generated (from data/metagenome/p0225.faa)!
Running muscle on data/metagenome/p0226.faa...
data/metagenome/p0226.sub.aln generated (from data/metagenome/p0226.faa)!
Running muscle on data/metagenome/p0227.faa...
data/metagenome/p0227.sub.aln generated (from data/metagenome/p0227.faa)!
Running muscle on data/metagenome/p0228.faa...
data/metagenome/p0228.sub.aln generated (from data/metagenome/p0228.faa)!
Running muscle on data/metagenome/p0229.faa...
data/metagenome/p0229.sub.aln generated (from data/metagenome/p0229.faa)!
Running muscle on data/metagenome/p0230.faa...
data/metagenome/p0230.sub.aln generated (from data/metagenome/p0230.faa)!
Running muscle on data/metagenome/p0231.faa...
data/metagenome/p0231.sub.aln generated (from data/metagenome/p0231.faa)!
Running muscle on data/metagenome/p0232.faa...
data/metagenome/p0182.sub.aln generated (from data/metagenome/p0182.faa)!
Running muscle on data/metagenome/p0183.faa...
data/metagenome/p0183.sub.aln generated (from data/metagenome/p0183.faa)!
Running muscle on data/metagenome/p0184.faa...
data/metagenome/p0232.sub.aln generated (from data/metagenome/p0232.faa)!
Running muscle on data/metagenome/p0233.faa...
data/metagenome/p0184.sub.aln generated (from data/metagenome/p0184.faa)!
Running muscle on data/metagenome/p0185.faa...
data/metagenome/p0233.sub.aln generated (from data/metagenome/p0233.faa)!
Running muscle on data/metagenome/p0234.faa...
data/metagenome/p0185.sub.aln generated (from data/metagenome/p0185.faa)!
Running muscle on data/metagenome/p0186.faa...
data/metagenome/p0234.sub.aln generated (from data/metagenome/p0234.faa)!
Running muscle on data/metagenome/p0235.faa...
data/metagenome/p0186.sub.aln generated (from data/metagenome/p0186.faa)!
Running muscle on data/metagenome/p0187.faa...
data/metagenome/p0187.sub.aln generated (from data/metagenome/p0187.faa)!
Running muscle on data/metagenome/p0188.faa...
data/metagenome/p0235.sub.aln generated (from data/metagenome/p0235.faa)!
Running muscle on data/metagenome/p0236.faa...
data/metagenome/p0188.sub.aln generated (from data/metagenome/p0188.faa)!
Running muscle on data/metagenome/p0189.faa...
data/metagenome/p0236.sub.aln generated (from data/metagenome/p0236.faa)!
Running muscle on data/metagenome/p0237.faa...
data/metagenome/p0189.sub.aln generated (from data/metagenome/p0189.faa)!
Running muscle on data/metagenome/p0190.faa...
data/metagenome/p0237.sub.aln generated (from data/metagenome/p0237.faa)!
Running muscle on data/metagenome/p0238.faa...
data/metagenome/p0190.sub.aln generated (from data/metagenome/p0190.faa)!
Running muscle on data/metagenome/p0191.faa...
data/metagenome/p0238.sub.aln generated (from data/metagenome/p0238.faa)!
Running muscle on data/metagenome/p0239.faa...
data/metagenome/p0191.sub.aln generated (from data/metagenome/p0191.faa)!
Running muscle on data/metagenome/p0192.faa...
data/metagenome/p0239.sub.aln generated (from data/metagenome/p0239.faa)!
Running muscle on data/metagenome/p0240.faa...
data/metagenome/p0192.sub.aln generated (from data/metagenome/p0192.faa)!
Running muscle on data/metagenome/p0193.faa...
data/metagenome/p0193.sub.aln generated (from data/metagenome/p0193.faa)!
Running muscle on data/metagenome/p0194.faa...
data/metagenome/p0240.sub.aln generated (from data/metagenome/p0240.faa)!
Running muscle on data/metagenome/p0241.faa...
data/metagenome/p0194.sub.aln generated (from data/metagenome/p0194.faa)!
Running muscle on data/metagenome/p0195.faa...
data/metagenome/p0241.sub.aln generated (from data/metagenome/p0241.faa)!
Running muscle on data/metagenome/p0242.faa...
data/metagenome/p0195.sub.aln generated (from data/metagenome/p0195.faa)!
Running muscle on data/metagenome/p0196.faa...
data/metagenome/p0242.sub.aln generated (from data/metagenome/p0242.faa)!
Running muscle on data/metagenome/p0243.faa...
data/metagenome/p0243.sub.aln generated (from data/metagenome/p0243.faa)!
Running muscle on data/metagenome/p0244.faa...
data/metagenome/p0196.sub.aln generated (from data/metagenome/p0196.faa)!
Running muscle on data/metagenome/p0197.faa...
data/metagenome/p0197.sub.aln generated (from data/metagenome/p0197.faa)!
Running muscle on data/metagenome/p0198.faa...
data/metagenome/p0244.sub.aln generated (from data/metagenome/p0244.faa)!
Running muscle on data/metagenome/p0245.faa...
data/metagenome/p0198.sub.aln generated (from data/metagenome/p0198.faa)!
Running muscle on data/metagenome/p0199.faa...
data/metagenome/p0245.sub.aln generated (from data/metagenome/p0245.faa)!
Running muscle on data/metagenome/p0246.faa...
data/metagenome/p0199.sub.aln generated (from data/metagenome/p0199.faa)!
Running muscle on data/metagenome/p0250.faa...
data/metagenome/p0246.sub.aln generated (from data/metagenome/p0246.faa)!
Running muscle on data/metagenome/p0247.faa...
data/metagenome/p0250.sub.aln generated (from data/metagenome/p0250.faa)!
Running muscle on data/metagenome/p0251.faa...
data/metagenome/p0247.sub.aln generated (from data/metagenome/p0247.faa)!
Running muscle on data/metagenome/p0248.faa...
data/metagenome/p0251.sub.aln generated (from data/metagenome/p0251.faa)!
Running muscle on data/metagenome/p0252.faa...
data/metagenome/p0248.sub.aln generated (from data/metagenome/p0248.faa)!
Running muscle on data/metagenome/p0249.faa...
data/metagenome/p0252.sub.aln generated (from data/metagenome/p0252.faa)!
Running muscle on data/metagenome/p0253.faa...
data/metagenome/p0253.sub.aln generated (from data/metagenome/p0253.faa)!
Running muscle on data/metagenome/p0254.faa...
data/metagenome/p0254.sub.aln generated (from data/metagenome/p0254.faa)!
Running muscle on data/metagenome/p0255.faa...
data/metagenome/p0255.sub.aln generated (from data/metagenome/p0255.faa)!
Running muscle on data/metagenome/p0256.faa...
data/metagenome/p0256.sub.aln generated (from data/metagenome/p0256.faa)!
Running muscle on data/metagenome/p0257.faa...
data/metagenome/p0249.sub.aln generated (from data/metagenome/p0249.faa)!
Running muscle on data/metagenome/p0300.faa...
data/metagenome/p0300.sub.aln generated (from data/metagenome/p0300.faa)!
Running muscle on data/metagenome/p0301.faa...
data/metagenome/p0257.sub.aln generated (from data/metagenome/p0257.faa)!
Running muscle on data/metagenome/p0258.faa...
data/metagenome/p0258.sub.aln generated (from data/metagenome/p0258.faa)!
Running muscle on data/metagenome/p0259.faa...
data/metagenome/p0259.sub.aln generated (from data/metagenome/p0259.faa)!
Running muscle on data/metagenome/p0260.faa...
data/metagenome/p0301.sub.aln generated (from data/metagenome/p0301.faa)!
Running muscle on data/metagenome/p0302.faa...
data/metagenome/p0260.sub.aln generated (from data/metagenome/p0260.faa)!
Running muscle on data/metagenome/p0261.faa...
data/metagenome/p0302.sub.aln generated (from data/metagenome/p0302.faa)!
Running muscle on data/metagenome/p0303.faa...
data/metagenome/p0261.sub.aln generated (from data/metagenome/p0261.faa)!
Running muscle on data/metagenome/p0262.faa...
data/metagenome/p0303.sub.aln generated (from data/metagenome/p0303.faa)!
Running muscle on data/metagenome/p0304.faa...
data/metagenome/p0304.sub.aln generated (from data/metagenome/p0304.faa)!
Running muscle on data/metagenome/p0305.faa...
data/metagenome/p0305.sub.aln generated (from data/metagenome/p0305.faa)!
Running muscle on data/metagenome/p0306.faa...
data/metagenome/p0262.sub.aln generated (from data/metagenome/p0262.faa)!
Running muscle on data/metagenome/p0263.faa...
data/metagenome/p0306.sub.aln generated (from data/metagenome/p0306.faa)!
Running muscle on data/metagenome/p0307.faa...
data/metagenome/p0307.sub.aln generated (from data/metagenome/p0307.faa)!
Running muscle on data/metagenome/p0308.faa...
data/metagenome/p0263.sub.aln generated (from data/metagenome/p0263.faa)!
Running muscle on data/metagenome/p0264.faa...
data/metagenome/p0308.sub.aln generated (from data/metagenome/p0308.faa)!
Running muscle on data/metagenome/p0309.faa...
data/metagenome/p0309.sub.aln generated (from data/metagenome/p0309.faa)!
Running muscle on data/metagenome/p0310.faa...
data/metagenome/p0264.sub.aln generated (from data/metagenome/p0264.faa)!
Running muscle on data/metagenome/p0265.faa...
data/metagenome/p0310.sub.aln generated (from data/metagenome/p0310.faa)!
Running muscle on data/metagenome/p0311.faa...
data/metagenome/p0311.sub.aln generated (from data/metagenome/p0311.faa)!
Running muscle on data/metagenome/p0312.faa...
data/metagenome/p0265.sub.aln generated (from data/metagenome/p0265.faa)!
Running muscle on data/metagenome/p0266.faa...
data/metagenome/p0266.sub.aln generated (from data/metagenome/p0266.faa)!
Running muscle on data/metagenome/p0267.faa...
data/metagenome/p0267.sub.aln generated (from data/metagenome/p0267.faa)!
Running muscle on data/metagenome/p0268.faa...
data/metagenome/p0268.sub.aln generated (from data/metagenome/p0268.faa)!
Running muscle on data/metagenome/p0269.faa...
data/metagenome/p0269.sub.aln generated (from data/metagenome/p0269.faa)!
Running muscle on data/metagenome/p0270.faa...
data/metagenome/p0312.sub.aln generated (from data/metagenome/p0312.faa)!
Running muscle on data/metagenome/p0313.faa...
data/metagenome/p0270.sub.aln generated (from data/metagenome/p0270.faa)!
Running muscle on data/metagenome/p0271.faa...
data/metagenome/p0271.sub.aln generated (from data/metagenome/p0271.faa)!
Running muscle on data/metagenome/p0272.faa...
data/metagenome/p0313.sub.aln generated (from data/metagenome/p0313.faa)!
Running muscle on data/metagenome/p0314.faa...
data/metagenome/p0314.sub.aln generated (from data/metagenome/p0314.faa)!
Running muscle on data/metagenome/p0315.faa...
data/metagenome/p0272.sub.aln generated (from data/metagenome/p0272.faa)!
Running muscle on data/metagenome/p0273.faa...
data/metagenome/p0315.sub.aln generated (from data/metagenome/p0315.faa)!
Running muscle on data/metagenome/p0316.faa...
data/metagenome/p0316.sub.aln generated (from data/metagenome/p0316.faa)!
Running muscle on data/metagenome/p0317.faa...
data/metagenome/p0317.sub.aln generated (from data/metagenome/p0317.faa)!
Running muscle on data/metagenome/p0318.faa...
data/metagenome/p0273.sub.aln generated (from data/metagenome/p0273.faa)!
Running muscle on data/metagenome/p0274.faa...
data/metagenome/p0274.sub.aln generated (from data/metagenome/p0274.faa)!
Running muscle on data/metagenome/p0275.faa...
data/metagenome/p0318.sub.aln generated (from data/metagenome/p0318.faa)!
Running muscle on data/metagenome/p0319.faa...
data/metagenome/p0275.sub.aln generated (from data/metagenome/p0275.faa)!
Running muscle on data/metagenome/p0276.faa...
data/metagenome/p0319.sub.aln generated (from data/metagenome/p0319.faa)!
Running muscle on data/metagenome/p0320.faa...
data/metagenome/p0276.sub.aln generated (from data/metagenome/p0276.faa)!
Running muscle on data/metagenome/p0277.faa...
data/metagenome/p0320.sub.aln generated (from data/metagenome/p0320.faa)!
Running muscle on data/metagenome/p0321.faa...
data/metagenome/p0277.sub.aln generated (from data/metagenome/p0277.faa)!
Running muscle on data/metagenome/p0278.faa...
data/metagenome/p0321.sub.aln generated (from data/metagenome/p0321.faa)!
Running muscle on data/metagenome/p0322.faa...
data/metagenome/p0322.sub.aln generated (from data/metagenome/p0322.faa)!
Running muscle on data/metagenome/p0323.faa...
data/metagenome/p0323.sub.aln generated (from data/metagenome/p0323.faa)!
Running muscle on data/metagenome/p0324.faa...
data/metagenome/p0324.sub.aln generated (from data/metagenome/p0324.faa)!
Running muscle on data/metagenome/p0325.faa...
data/metagenome/p0325.sub.aln generated (from data/metagenome/p0325.faa)!
Running muscle on data/metagenome/p0326.faa...
data/metagenome/p0326.sub.aln generated (from data/metagenome/p0326.faa)!
Running muscle on data/metagenome/p0327.faa...
data/metagenome/p0327.sub.aln generated (from data/metagenome/p0327.faa)!
Running muscle on data/metagenome/p0328.faa...
data/metagenome/p0278.sub.aln generated (from data/metagenome/p0278.faa)!
Running muscle on data/metagenome/p0279.faa...
data/metagenome/p0279.sub.aln generated (from data/metagenome/p0279.faa)!
Running muscle on data/metagenome/p0280.faa...
data/metagenome/p0328.sub.aln generated (from data/metagenome/p0328.faa)!
Running muscle on data/metagenome/p0329.faa...
data/metagenome/p0329.sub.aln generated (from data/metagenome/p0329.faa)!
Running muscle on data/metagenome/p0330.faa...
data/metagenome/p0280.sub.aln generated (from data/metagenome/p0280.faa)!
Running muscle on data/metagenome/p0281.faa...
data/metagenome/p0281.sub.aln generated (from data/metagenome/p0281.faa)!
Running muscle on data/metagenome/p0282.faa...
data/metagenome/p0330.sub.aln generated (from data/metagenome/p0330.faa)!
Running muscle on data/metagenome/p0331.faa...
data/metagenome/p0282.sub.aln generated (from data/metagenome/p0282.faa)!
Running muscle on data/metagenome/p0283.faa...
data/metagenome/p0283.sub.aln generated (from data/metagenome/p0283.faa)!
Running muscle on data/metagenome/p0284.faa...
data/metagenome/p0331.sub.aln generated (from data/metagenome/p0331.faa)!
Running muscle on data/metagenome/p0332.faa...
data/metagenome/p0284.sub.aln generated (from data/metagenome/p0284.faa)!
Running muscle on data/metagenome/p0285.faa...
data/metagenome/p0332.sub.aln generated (from data/metagenome/p0332.faa)!
Running muscle on data/metagenome/p0333.faa...
data/metagenome/p0333.sub.aln generated (from data/metagenome/p0333.faa)!
Running muscle on data/metagenome/p0334.faa...
data/metagenome/p0334.sub.aln generated (from data/metagenome/p0334.faa)!
Running muscle on data/metagenome/p0335.faa...
data/metagenome/p0285.sub.aln generated (from data/metagenome/p0285.faa)!
Running muscle on data/metagenome/p0286.faa...
data/metagenome/p0286.sub.aln generated (from data/metagenome/p0286.faa)!
Running muscle on data/metagenome/p0287.faa...
data/metagenome/p0335.sub.aln generated (from data/metagenome/p0335.faa)!
Running muscle on data/metagenome/p0336.faa...
data/metagenome/p0287.sub.aln generated (from data/metagenome/p0287.faa)!
Running muscle on data/metagenome/p0288.faa...
data/metagenome/p0336.sub.aln generated (from data/metagenome/p0336.faa)!
Running muscle on data/metagenome/p0337.faa...
data/metagenome/p0337.sub.aln generated (from data/metagenome/p0337.faa)!
Running muscle on data/metagenome/p0338.faa...
data/metagenome/p0288.sub.aln generated (from data/metagenome/p0288.faa)!
Running muscle on data/metagenome/p0289.faa...
data/metagenome/p0338.sub.aln generated (from data/metagenome/p0338.faa)!
Running muscle on data/metagenome/p0339.faa...
data/metagenome/p0289.sub.aln generated (from data/metagenome/p0289.faa)!
Running muscle on data/metagenome/p0290.faa...
data/metagenome/p0290.sub.aln generated (from data/metagenome/p0290.faa)!
Running muscle on data/metagenome/p0291.faa...
data/metagenome/p0339.sub.aln generated (from data/metagenome/p0339.faa)!
Running muscle on data/metagenome/p0341.faa...
data/metagenome/p0341.sub.aln generated (from data/metagenome/p0341.faa)!
Running muscle on data/metagenome/p0342.faa...
data/metagenome/p0342.sub.aln generated (from data/metagenome/p0342.faa)!
Running muscle on data/metagenome/p0343.faa...
data/metagenome/p0343.sub.aln generated (from data/metagenome/p0343.faa)!
Running muscle on data/metagenome/p0344.faa...
data/metagenome/p0344.sub.aln generated (from data/metagenome/p0344.faa)!
Running muscle on data/metagenome/p0345.faa...
data/metagenome/p0291.sub.aln generated (from data/metagenome/p0291.faa)!
Running muscle on data/metagenome/p0292.faa...
data/metagenome/p0345.sub.aln generated (from data/metagenome/p0345.faa)!
Running muscle on data/metagenome/p0346.faa...
data/metagenome/p0292.sub.aln generated (from data/metagenome/p0292.faa)!
Running muscle on data/metagenome/p0293.faa...
data/metagenome/p0346.sub.aln generated (from data/metagenome/p0346.faa)!
Running muscle on data/metagenome/p0347.faa...
data/metagenome/p0293.sub.aln generated (from data/metagenome/p0293.faa)!
Running muscle on data/metagenome/p0294.faa...
data/metagenome/p0347.sub.aln generated (from data/metagenome/p0347.faa)!
Running muscle on data/metagenome/p0348.faa...
data/metagenome/p0294.sub.aln generated (from data/metagenome/p0294.faa)!
Running muscle on data/metagenome/p0295.faa...
data/metagenome/p0348.sub.aln generated (from data/metagenome/p0348.faa)!
Running muscle on data/metagenome/p0349.faa...
data/metagenome/p0295.sub.aln generated (from data/metagenome/p0295.faa)!
Running muscle on data/metagenome/p0296.faa...
data/metagenome/p0296.sub.aln generated (from data/metagenome/p0296.faa)!
Running muscle on data/metagenome/p0297.faa...
data/metagenome/p0297.sub.aln generated (from data/metagenome/p0297.faa)!
Running muscle on data/metagenome/p0298.faa...
data/metagenome/p0349.sub.aln generated (from data/metagenome/p0349.faa)!
Running muscle on data/metagenome/p0350.faa...
data/metagenome/p0350.sub.aln generated (from data/metagenome/p0350.faa)!
Running muscle on data/metagenome/p0351.faa...
data/metagenome/p0351.sub.aln generated (from data/metagenome/p0351.faa)!
Running muscle on data/metagenome/p0352.faa...
data/metagenome/p0298.sub.aln generated (from data/metagenome/p0298.faa)!
Running muscle on data/metagenome/p0299.faa...
data/metagenome/p0299.sub.aln generated (from data/metagenome/p0299.faa)!
data/metagenome/p0352.sub.aln generated (from data/metagenome/p0352.faa)!
Running muscle on data/metagenome/p0353.faa...
data/metagenome/p0353.sub.aln generated (from data/metagenome/p0353.faa)!
Running muscle on data/metagenome/p0354.faa...
data/metagenome/p0354.sub.aln generated (from data/metagenome/p0354.faa)!
Running muscle on data/metagenome/p0355.faa...
data/metagenome/p0355.sub.aln generated (from data/metagenome/p0355.faa)!
Running muscle on data/metagenome/p0356.faa...
data/metagenome/p0356.sub.aln generated (from data/metagenome/p0356.faa)!
Running muscle on data/metagenome/p0357.faa...
data/metagenome/p0357.sub.aln generated (from data/metagenome/p0357.faa)!
Running muscle on data/metagenome/p0358.faa...
data/metagenome/p0358.sub.aln generated (from data/metagenome/p0358.faa)!
Running muscle on data/metagenome/p0359.faa...
data/metagenome/p0359.sub.aln generated (from data/metagenome/p0359.faa)!
Running muscle on data/metagenome/p0360.faa...
data/metagenome/p0360.sub.aln generated (from data/metagenome/p0360.faa)!
Running muscle on data/metagenome/p0361.faa...
data/metagenome/p0361.sub.aln generated (from data/metagenome/p0361.faa)!
Running muscle on data/metagenome/p0362.faa...
data/metagenome/p0362.sub.aln generated (from data/metagenome/p0362.faa)!
Running muscle on data/metagenome/p0363.faa...
data/metagenome/p0363.sub.aln generated (from data/metagenome/p0363.faa)!
Running muscle on data/metagenome/p0364.faa...
data/metagenome/p0364.sub.aln generated (from data/metagenome/p0364.faa)!
Running muscle on data/metagenome/p0365.faa...
data/metagenome/p0365.sub.aln generated (from data/metagenome/p0365.faa)!
Running muscle on data/metagenome/p0366.faa...
data/metagenome/p0366.sub.aln generated (from data/metagenome/p0366.faa)!
Running muscle on data/metagenome/p0367.faa...
data/metagenome/p0367.sub.aln generated (from data/metagenome/p0367.faa)!
Running muscle on data/metagenome/p0368.faa...
data/metagenome/p0368.sub.aln generated (from data/metagenome/p0368.faa)!
Running muscle on data/metagenome/p0369.faa...
data/metagenome/p0369.sub.aln generated (from data/metagenome/p0369.faa)!
Running muscle on data/metagenome/p0370.faa...
data/metagenome/p0370.sub.aln generated (from data/metagenome/p0370.faa)!
Running muscle on data/metagenome/p0371.faa...
data/metagenome/p0371.sub.aln generated (from data/metagenome/p0371.faa)!
Running muscle on data/metagenome/p0373.faa...
data/metagenome/p0373.sub.aln generated (from data/metagenome/p0373.faa)!
Running muscle on data/metagenome/p0374.faa...
data/metagenome/p0374.sub.aln generated (from data/metagenome/p0374.faa)!
Running muscle on data/metagenome/p0375.faa...
data/metagenome/p0375.sub.aln generated (from data/metagenome/p0375.faa)!
Running muscle on data/metagenome/p0376.faa...
data/metagenome/p0376.sub.aln generated (from data/metagenome/p0376.faa)!
Running muscle on data/metagenome/p0377.faa...
data/metagenome/p0377.sub.aln generated (from data/metagenome/p0377.faa)!
Running muscle on data/metagenome/p0378.faa...
data/metagenome/p0378.sub.aln generated (from data/metagenome/p0378.faa)!
Running muscle on data/metagenome/p0379.faa...
data/metagenome/p0379.sub.aln generated (from data/metagenome/p0379.faa)!
Running muscle on data/metagenome/p0380.faa...
data/metagenome/p0380.sub.aln generated (from data/metagenome/p0380.faa)!
Running muscle on data/metagenome/p0381.faa...
data/metagenome/p0381.sub.aln generated (from data/metagenome/p0381.faa)!
Running muscle on data/metagenome/p0382.faa...
data/metagenome/p0382.sub.aln generated (from data/metagenome/p0382.faa)!
Running muscle on data/metagenome/p0383.faa...
data/metagenome/p0383.sub.aln generated (from data/metagenome/p0383.faa)!
Running muscle on data/metagenome/p0384.faa...
data/metagenome/p0384.sub.aln generated (from data/metagenome/p0384.faa)!
Running muscle on data/metagenome/p0385.faa...
data/metagenome/p0385.sub.aln generated (from data/metagenome/p0385.faa)!
Running muscle on data/metagenome/p0386.faa...
data/metagenome/p0386.sub.aln generated (from data/metagenome/p0386.faa)!
Running muscle on data/metagenome/p0387.faa...
data/metagenome/p0387.sub.aln generated (from data/metagenome/p0387.faa)!
Running muscle on data/metagenome/p0389.faa...
data/metagenome/p0389.sub.aln generated (from data/metagenome/p0389.faa)!
Running muscle on data/metagenome/p0390.faa...
data/metagenome/p0390.sub.aln generated (from data/metagenome/p0390.faa)!
Running muscle on data/metagenome/p0392.faa...
data/metagenome/p0392.sub.aln generated (from data/metagenome/p0392.faa)!
Running muscle on data/metagenome/p0393.faa...
data/metagenome/p0393.sub.aln generated (from data/metagenome/p0393.faa)!
Running muscle on data/metagenome/p0394.faa...
data/metagenome/p0394.sub.aln generated (from data/metagenome/p0394.faa)!
Running muscle on data/metagenome/p0396.faa...
data/metagenome/p0396.sub.aln generated (from data/metagenome/p0396.faa)!
Running muscle on data/metagenome/p0397.faa...
data/metagenome/p0397.sub.aln generated (from data/metagenome/p0397.faa)!
Running muscle on data/metagenome/p0398.faa...
data/metagenome/p0398.sub.aln generated (from data/metagenome/p0398.faa)!
Running muscle on data/metagenome/p0399.faa...
data/metagenome/p0399.sub.aln generated (from data/metagenome/p0399.faa)!
All alignments performed!
Merging alignments from user genomes with all the PhyloPhlAn alignments
395 alignments to be merged
Running muscle on data/metagenome/p0000.aln and data/ppaalns/p0000.aln...
Running muscle on data/metagenome/p0050.aln and data/ppaalns/p0050.aln...
data/metagenome/p0050.int.sub.aln generated (from data/metagenome/p0050.aln and data/ppaalns/p0050.aln)!
Running muscle on data/metagenome/p0051.aln and data/ppaalns/p0051.aln...
data/metagenome/p0051.int.sub.aln generated (from data/metagenome/p0051.aln and data/ppaalns/p0051.aln)!
Running muscle on data/metagenome/p0052.aln and data/ppaalns/p0052.aln...
data/metagenome/p0052.int.sub.aln generated (from data/metagenome/p0052.aln and data/ppaalns/p0052.aln)!
Running muscle on data/metagenome/p0053.aln and data/ppaalns/p0053.aln...
data/metagenome/p0000.int.sub.aln generated (from data/metagenome/p0000.aln and data/ppaalns/p0000.aln)!
Running muscle on data/metagenome/p0001.aln and data/ppaalns/p0001.aln...
data/metagenome/p0053.int.sub.aln generated (from data/metagenome/p0053.aln and data/ppaalns/p0053.aln)!
Running muscle on data/metagenome/p0054.aln and data/ppaalns/p0054.aln...
